2025-06-16 00:32:38,845 - INFO - ==== Starting stock data download process ====
2025-06-16 00:32:38,850 - INFO - Loaded 2065 unique symbols from data/stockList/stockList_clean.csv
2025-06-16 00:32:38,850 - INFO - Fetching stock data from 2000-01-01 to 2025-06-15
2025-06-16 00:32:38,850 - INFO - == Processing symbol: 20MICRONS ==
2025-06-16 00:32:38,850 - INFO - ---- [20MICRONS] Fetching data from 2000-01-01 to 2025-06-15 ----
2025-06-16 00:32:53,890 - INFO - [20MICRONS] Saved new data to data/rawData/20MICRONS.csv
2025-06-16 00:32:53,891 - INFO - == Processing symbol: 21STCENMGM ==
2025-06-16 00:32:53,891 - INFO - ---- [21STCENMGM] Fetching data from 2000-01-01 to 2025-06-15 ----
2025-06-16 00:33:09,157 - INFO - [21STCENMGM] Saved new data to data/rawData/21STCENMGM.csv
2025-06-16 00:33:09,157 - INFO - == Processing symbol: 360ONE ==
2025-06-16 00:33:09,157 - INFO - ---- [360ONE] Fetching data from 2000-01-01 to 2025-06-15 ----
2025-06-16 00:33:23,406 - INFO - [360ONE] Saved new data to data/rawData/360ONE.csv
2025-06-16 00:33:23,407 - INFO - == Processing symbol: 3IINFOLTD ==
2025-06-16 00:33:23,407 - INFO - ---- [3IINFOLTD] Fetching data from 2000-01-01 to 2025-06-15 ----
2025-06-16 00:33:37,118 - INFO - [3IINFOLTD] Saved new data to data/rawData/3IINFOLTD.csv
2025-06-16 00:33:37,119 - INFO - == Processing symbol: 3MINDIA ==
2025-06-16 00:33:37,119 - INFO - ---- [3MINDIA] Fetching data from 2000-01-01 to 2025-06-15 ----
2025-06-16 00:37:40,622 - INFO - ==== Starting stock data download process ====
2025-06-16 00:37:40,635 - INFO - Loaded 2065 unique symbols from data/stockList/stockList_clean.csv
2025-06-16 00:37:40,636 - INFO - Resuming from symbol: 3MINDIA
2025-06-16 00:37:40,636 - INFO - Fetching stock data from 2000-01-01 to 2025-06-15
2025-06-16 00:37:40,636 - INFO - == Processing symbol: 3MINDIA ==
2025-06-16 00:37:40,636 - INFO - ---- [3MINDIA] Fetching data from 2000-01-01 to 2025-06-15 ----
2025-06-16 00:37:57,877 - INFO - [3MINDIA] Saved new data to data/rawData/3MINDIA.csv
2025-06-16 00:37:57,878 - INFO - == Processing symbol: 3PLAND ==
2025-06-16 00:37:57,879 - INFO - ---- [3PLAND] Fetching data from 2000-01-01 to 2025-06-15 ----
2025-06-16 00:38:13,625 - INFO - [3PLAND] Saved new data to data/rawData/3PLAND.csv
2025-06-16 00:38:13,625 - INFO - == Processing symbol: 5PAISA ==
2025-06-16 00:38:13,625 - INFO - ---- [5PAISA] Fetching data from 2000-01-01 to 2025-06-15 ----
2025-06-16 00:38:29,122 - INFO - [5PAISA] Saved new data to data/rawData/5PAISA.csv
2025-06-16 00:38:29,123 - INFO - == Processing symbol: 63MOONS ==
2025-06-16 00:38:29,123 - INFO - ---- [63MOONS] Fetching data from 2000-01-01 to 2025-06-15 ----
2025-06-16 00:38:46,560 - INFO - [63MOONS] Saved new data to data/rawData/63MOONS.csv
2025-06-16 00:38:46,561 - INFO - == Processing symbol: AAATECH ==
2025-06-16 00:38:46,561 - INFO - ---- [AAATECH] Fetching data from 2000-01-01 to 2025-06-15 ----
2025-06-16 00:40:58,384 - INFO - ==== Starting stock data download process ====
2025-06-16 00:40:58,402 - INFO - Loaded 2065 unique symbols from data/stockList/stockList_clean.csv
2025-06-16 00:40:58,402 - INFO - Resuming from symbol: AAATECH
2025-06-16 00:40:58,403 - INFO - Fetching stock data from 2000-01-01 to 2025-06-15
2025-06-16 00:40:58,403 - INFO - == Processing symbol: AAATECH ==
2025-06-16 00:40:58,403 - INFO - ---- [AAATECH] Fetching data from 2000-01-01 to 2025-06-15 ----
2025-06-16 00:40:58,691 - INFO - [AAATECH] Saved new data to data/rawData/AAATECH.csv
2025-06-16 00:40:58,691 - INFO - == Processing symbol: AADHARHFC ==
2025-06-16 00:40:58,691 - INFO - ---- [AADHARHFC] Fetching data from 2000-01-01 to 2025-06-15 ----
2025-06-16 00:41:13,956 - INFO - [AADHARHFC] Saved new data to data/rawData/AADHARHFC.csv
2025-06-16 00:41:13,956 - INFO - == Processing symbol: AAKASH ==
2025-06-16 00:41:13,956 - INFO - ---- [AAKASH] Fetching data from 2000-01-01 to 2025-06-15 ----
2025-06-16 00:41:29,652 - INFO - [AAKASH] Saved new data to data/rawData/AAKASH.csv
2025-06-16 00:41:29,653 - INFO - == Processing symbol: AARON ==
2025-06-16 00:41:29,653 - INFO - ---- [AARON] Fetching data from 2000-01-01 to 2025-06-15 ----
2025-06-16 00:41:45,467 - INFO - [AARON] Saved new data to data/rawData/AARON.csv
2025-06-16 00:41:45,467 - INFO - == Processing symbol: AARTECH ==
2025-06-16 00:41:45,467 - INFO - ---- [AARTECH] Fetching data from 2000-01-01 to 2025-06-15 ----
2025-06-16 00:42:01,560 - INFO - [AARTECH] Saved new data to data/rawData/AARTECH.csv
2025-06-16 00:42:01,560 - INFO - == Processing symbol: AARTIDRUGS ==
2025-06-16 00:42:01,561 - INFO - ---- [AARTIDRUGS] Fetching data from 2000-01-01 to 2025-06-15 ----
2025-06-16 00:50:41,413 - INFO - ==== Starting stock data download process ====
2025-06-16 00:50:41,420 - INFO - Loaded 2065 unique symbols from data/stockList/stockList_clean.csv
2025-06-16 00:50:41,420 - INFO - Resuming from symbol: AARTIDRUGS
2025-06-16 00:50:41,420 - INFO - Fetching stock data from 2000-01-01 to 2025-06-15
2025-06-16 00:50:41,420 - INFO - == Processing symbol: AARTIDRUGS ==
2025-06-16 00:50:41,420 - INFO - ---- [AARTIDRUGS] Fetching data from 2000-01-01 to 2025-06-15 ----
2025-06-16 00:50:42,559 - INFO - [AARTIDRUGS] Saved new data to data/rawData/AARTIDRUGS.csv
2025-06-16 00:50:42,561 - INFO - == Processing symbol: AARTIIND ==
2025-06-16 00:50:42,561 - INFO - ---- [AARTIIND] Fetching data from 2000-01-01 to 2025-06-15 ----
2025-06-16 00:50:59,652 - INFO - [AARTIIND] Saved new data to data/rawData/AARTIIND.csv
2025-06-16 00:50:59,653 - INFO - == Processing symbol: AARTIPHARM ==
2025-06-16 00:50:59,653 - INFO - ---- [AARTIPHARM] Fetching data from 2000-01-01 to 2025-06-15 ----
2025-06-16 00:51:12,989 - INFO - [AARTIPHARM] Saved new data to data/rawData/AARTIPHARM.csv
2025-06-16 00:51:12,989 - INFO - == Processing symbol: AARVI ==
2025-06-16 00:51:12,990 - INFO - ---- [AARVI] Fetching data from 2000-01-01 to 2025-06-15 ----
2025-06-16 00:51:27,023 - INFO - [AARVI] Saved new data to data/rawData/AARVI.csv
2025-06-16 00:51:27,023 - INFO - == Processing symbol: AAVAS ==
2025-06-16 00:51:27,023 - INFO - ---- [AAVAS] Fetching data from 2000-01-01 to 2025-06-15 ----
2025-06-16 00:51:40,752 - INFO - [AAVAS] Saved new data to data/rawData/AAVAS.csv
2025-06-16 00:51:40,752 - INFO - == Processing symbol: ABAN ==
2025-06-16 00:51:40,752 - INFO - ---- [ABAN] Fetching data from 2000-01-01 to 2025-06-15 ----
2025-06-16 00:52:27,006 - INFO - ==== Starting stock data download process ====
2025-06-16 00:52:56,387 - INFO - ==== Starting stock data download process ====
2025-06-16 00:52:56,387 - INFO - == Fetching ABAN data from 2000-01-01 to 2000-12-31 ==
2025-06-16 00:52:56,387 - INFO - ---- [ABAN] Fetching data from 2000-01-01 to 2000-12-31 ----
2025-06-16 00:52:56,409 - INFO - [ABAN] Saved new data to data/rawData/ABAN.csv
2025-06-16 00:54:00,895 - INFO - ==== Starting stock data download process ====
2025-06-16 00:54:00,901 - INFO - Loaded 2065 symbols from data/stockList/stockList_clean.csv
2025-06-16 00:54:00,901 - INFO - == Starting symbol: 20MICRONS ==
2025-06-16 00:54:00,901 - INFO - ---- [20MICRONS] Fetching data from 2000-01-01 to 2000-12-31 ----
2025-06-16 00:54:00,906 - ERROR - [20MICRONS] Error while fetching/saving: "None of [Index(['CH_TIMESTAMP', 'CH_SERIES', 'CH_OPENING_PRICE', 'CH_TRADE_HIGH_PRICE',\n       'CH_TRADE_LOW_PRICE', 'CH_PREVIOUS_CLS_PRICE', 'CH_LAST_TRADED_PRICE',\n       'CH_CLOSING_PRICE', 'VWAP', 'CH_52WEEK_HIGH_PRICE',\n       'CH_52WEEK_LOW_PRICE', 'CH_TOT_TRADED_QTY', 'CH_TOT_TRADED_VAL',\n       'CH_TOTAL_TRADES', 'CH_SYMBOL'],\n      dtype='object')] are in the [columns]"
2025-06-16 00:54:00,906 - WARNING - [20MICRONS] Skipping year 2000 due to fetch error.
2025-06-16 00:54:00,906 - INFO - == Starting symbol: 21STCENMGM ==
2025-06-16 00:54:00,906 - INFO - ---- [21STCENMGM] Fetching data from 2000-01-01 to 2000-12-31 ----
2025-06-16 00:54:00,922 - INFO - [21STCENMGM] Saved new data to data/rawData/21STCENMGM.csv
2025-06-16 00:54:01,924 - WARNING - [21STCENMGM] Failed to read CSV: Missing column provided to 'parse_dates': 'Date'
2025-06-16 00:54:01,924 - INFO - ---- [21STCENMGM] Fetching data from 2001-01-01 to 2001-12-31 ----
2025-06-16 00:54:01,944 - ERROR - [21STCENMGM] Error while fetching/saving: 'Date'
2025-06-16 00:54:01,944 - WARNING - [21STCENMGM] Skipping year 2001 due to fetch error.
2025-06-16 00:54:01,945 - INFO - == Starting symbol: 360ONE ==
2025-06-16 00:54:01,945 - INFO - ---- [360ONE] Fetching data from 2000-01-01 to 2000-12-31 ----
2025-06-16 00:54:01,948 - ERROR - [360ONE] Error while fetching/saving: "None of [Index(['CH_TIMESTAMP', 'CH_SERIES', 'CH_OPENING_PRICE', 'CH_TRADE_HIGH_PRICE',\n       'CH_TRADE_LOW_PRICE', 'CH_PREVIOUS_CLS_PRICE', 'CH_LAST_TRADED_PRICE',\n       'CH_CLOSING_PRICE', 'VWAP', 'CH_52WEEK_HIGH_PRICE',\n       'CH_52WEEK_LOW_PRICE', 'CH_TOT_TRADED_QTY', 'CH_TOT_TRADED_VAL',\n       'CH_TOTAL_TRADES', 'CH_SYMBOL'],\n      dtype='object')] are in the [columns]"
2025-06-16 00:54:01,948 - WARNING - [360ONE] Skipping year 2000 due to fetch error.
2025-06-16 00:54:01,948 - INFO - == Starting symbol: 3IINFOLTD ==
2025-06-16 00:54:01,949 - INFO - ---- [3IINFOLTD] Fetching data from 2000-01-01 to 2000-12-31 ----
2025-06-16 00:54:01,952 - ERROR - [3IINFOLTD] Error while fetching/saving: "None of [Index(['CH_TIMESTAMP', 'CH_SERIES', 'CH_OPENING_PRICE', 'CH_TRADE_HIGH_PRICE',\n       'CH_TRADE_LOW_PRICE', 'CH_PREVIOUS_CLS_PRICE', 'CH_LAST_TRADED_PRICE',\n       'CH_CLOSING_PRICE', 'VWAP', 'CH_52WEEK_HIGH_PRICE',\n       'CH_52WEEK_LOW_PRICE', 'CH_TOT_TRADED_QTY', 'CH_TOT_TRADED_VAL',\n       'CH_TOTAL_TRADES', 'CH_SYMBOL'],\n      dtype='object')] are in the [columns]"
2025-06-16 00:54:01,952 - WARNING - [3IINFOLTD] Skipping year 2000 due to fetch error.
2025-06-16 00:54:01,952 - INFO - == Starting symbol: 3MINDIA ==
2025-06-16 00:54:01,952 - INFO - ---- [3MINDIA] Fetching data from 2000-01-01 to 2000-12-31 ----
2025-06-16 00:54:01,973 - INFO - [3MINDIA] Saved new data to data/rawData/3MINDIA.csv
2025-06-16 00:54:02,975 - WARNING - [3MINDIA] Failed to read CSV: Missing column provided to 'parse_dates': 'Date'
2025-06-16 00:54:02,975 - INFO - ---- [3MINDIA] Fetching data from 2001-01-01 to 2001-12-31 ----
2025-06-16 00:54:03,086 - ERROR - [3MINDIA] Error while fetching/saving: 'Date'
2025-06-16 00:54:03,087 - WARNING - [3MINDIA] Skipping year 2001 due to fetch error.
2025-06-16 00:54:03,087 - INFO - == Starting symbol: 3PLAND ==
2025-06-16 00:54:03,087 - INFO - ---- [3PLAND] Fetching data from 2000-01-01 to 2000-12-31 ----
2025-06-16 00:54:03,139 - INFO - [3PLAND] Saved new data to data/rawData/3PLAND.csv
2025-06-16 00:54:04,140 - WARNING - [3PLAND] Failed to read CSV: Missing column provided to 'parse_dates': 'Date'
2025-06-16 00:54:04,140 - INFO - ---- [3PLAND] Fetching data from 2001-01-01 to 2001-12-31 ----
2025-06-16 00:54:04,159 - ERROR - [3PLAND] Error while fetching/saving: 'Date'
2025-06-16 00:54:04,159 - WARNING - [3PLAND] Skipping year 2001 due to fetch error.
2025-06-16 00:54:04,160 - INFO - == Starting symbol: 5PAISA ==
2025-06-16 00:54:04,160 - INFO - ---- [5PAISA] Fetching data from 2000-01-01 to 2000-12-31 ----
2025-06-16 00:54:04,166 - ERROR - [5PAISA] Error while fetching/saving: "None of [Index(['CH_TIMESTAMP', 'CH_SERIES', 'CH_OPENING_PRICE', 'CH_TRADE_HIGH_PRICE',\n       'CH_TRADE_LOW_PRICE', 'CH_PREVIOUS_CLS_PRICE', 'CH_LAST_TRADED_PRICE',\n       'CH_CLOSING_PRICE', 'VWAP', 'CH_52WEEK_HIGH_PRICE',\n       'CH_52WEEK_LOW_PRICE', 'CH_TOT_TRADED_QTY', 'CH_TOT_TRADED_VAL',\n       'CH_TOTAL_TRADES', 'CH_SYMBOL'],\n      dtype='object')] are in the [columns]"
2025-06-16 00:54:04,166 - WARNING - [5PAISA] Skipping year 2000 due to fetch error.
2025-06-16 00:54:04,166 - INFO - == Starting symbol: 63MOONS ==
2025-06-16 00:54:04,166 - INFO - ---- [63MOONS] Fetching data from 2000-01-01 to 2000-12-31 ----
2025-06-16 00:54:04,172 - ERROR - [63MOONS] Error while fetching/saving: "None of [Index(['CH_TIMESTAMP', 'CH_SERIES', 'CH_OPENING_PRICE', 'CH_TRADE_HIGH_PRICE',\n       'CH_TRADE_LOW_PRICE', 'CH_PREVIOUS_CLS_PRICE', 'CH_LAST_TRADED_PRICE',\n       'CH_CLOSING_PRICE', 'VWAP', 'CH_52WEEK_HIGH_PRICE',\n       'CH_52WEEK_LOW_PRICE', 'CH_TOT_TRADED_QTY', 'CH_TOT_TRADED_VAL',\n       'CH_TOTAL_TRADES', 'CH_SYMBOL'],\n      dtype='object')] are in the [columns]"
2025-06-16 00:54:04,174 - WARNING - [63MOONS] Skipping year 2000 due to fetch error.
2025-06-16 00:54:04,174 - INFO - == Starting symbol: AAATECH ==
2025-06-16 00:54:04,174 - INFO - ---- [AAATECH] Fetching data from 2000-01-01 to 2000-12-31 ----
2025-06-16 00:54:04,185 - ERROR - [AAATECH] Error while fetching/saving: "None of [Index(['CH_TIMESTAMP', 'CH_SERIES', 'CH_OPENING_PRICE', 'CH_TRADE_HIGH_PRICE',\n       'CH_TRADE_LOW_PRICE', 'CH_PREVIOUS_CLS_PRICE', 'CH_LAST_TRADED_PRICE',\n       'CH_CLOSING_PRICE', 'VWAP', 'CH_52WEEK_HIGH_PRICE',\n       'CH_52WEEK_LOW_PRICE', 'CH_TOT_TRADED_QTY', 'CH_TOT_TRADED_VAL',\n       'CH_TOTAL_TRADES', 'CH_SYMBOL'],\n      dtype='object')] are in the [columns]"
2025-06-16 00:54:04,185 - WARNING - [AAATECH] Skipping year 2000 due to fetch error.
2025-06-16 00:54:04,185 - INFO - == Starting symbol: AADHARHFC ==
2025-06-16 00:54:04,185 - INFO - ---- [AADHARHFC] Fetching data from 2000-01-01 to 2000-12-31 ----
2025-06-16 00:54:04,192 - ERROR - [AADHARHFC] Error while fetching/saving: "None of [Index(['CH_TIMESTAMP', 'CH_SERIES', 'CH_OPENING_PRICE', 'CH_TRADE_HIGH_PRICE',\n       'CH_TRADE_LOW_PRICE', 'CH_PREVIOUS_CLS_PRICE', 'CH_LAST_TRADED_PRICE',\n       'CH_CLOSING_PRICE', 'VWAP', 'CH_52WEEK_HIGH_PRICE',\n       'CH_52WEEK_LOW_PRICE', 'CH_TOT_TRADED_QTY', 'CH_TOT_TRADED_VAL',\n       'CH_TOTAL_TRADES', 'CH_SYMBOL'],\n      dtype='object')] are in the [columns]"
2025-06-16 00:54:04,192 - WARNING - [AADHARHFC] Skipping year 2000 due to fetch error.
2025-06-16 00:54:04,192 - INFO - == Starting symbol: AAKASH ==
2025-06-16 00:54:04,192 - INFO - ---- [AAKASH] Fetching data from 2000-01-01 to 2000-12-31 ----
2025-06-16 00:54:04,198 - ERROR - [AAKASH] Error while fetching/saving: "None of [Index(['CH_TIMESTAMP', 'CH_SERIES', 'CH_OPENING_PRICE', 'CH_TRADE_HIGH_PRICE',\n       'CH_TRADE_LOW_PRICE', 'CH_PREVIOUS_CLS_PRICE', 'CH_LAST_TRADED_PRICE',\n       'CH_CLOSING_PRICE', 'VWAP', 'CH_52WEEK_HIGH_PRICE',\n       'CH_52WEEK_LOW_PRICE', 'CH_TOT_TRADED_QTY', 'CH_TOT_TRADED_VAL',\n       'CH_TOTAL_TRADES', 'CH_SYMBOL'],\n      dtype='object')] are in the [columns]"
2025-06-16 00:54:04,198 - WARNING - [AAKASH] Skipping year 2000 due to fetch error.
2025-06-16 00:54:04,198 - INFO - == Starting symbol: AARON ==
2025-06-16 00:54:04,198 - INFO - ---- [AARON] Fetching data from 2000-01-01 to 2000-12-31 ----
2025-06-16 00:54:04,205 - ERROR - [AARON] Error while fetching/saving: "None of [Index(['CH_TIMESTAMP', 'CH_SERIES', 'CH_OPENING_PRICE', 'CH_TRADE_HIGH_PRICE',\n       'CH_TRADE_LOW_PRICE', 'CH_PREVIOUS_CLS_PRICE', 'CH_LAST_TRADED_PRICE',\n       'CH_CLOSING_PRICE', 'VWAP', 'CH_52WEEK_HIGH_PRICE',\n       'CH_52WEEK_LOW_PRICE', 'CH_TOT_TRADED_QTY', 'CH_TOT_TRADED_VAL',\n       'CH_TOTAL_TRADES', 'CH_SYMBOL'],\n      dtype='object')] are in the [columns]"
2025-06-16 00:54:04,206 - WARNING - [AARON] Skipping year 2000 due to fetch error.
2025-06-16 00:54:04,206 - INFO - == Starting symbol: AARTECH ==
2025-06-16 00:54:04,206 - INFO - ---- [AARTECH] Fetching data from 2000-01-01 to 2000-12-31 ----
2025-06-16 00:54:04,211 - ERROR - [AARTECH] Error while fetching/saving: "None of [Index(['CH_TIMESTAMP', 'CH_SERIES', 'CH_OPENING_PRICE', 'CH_TRADE_HIGH_PRICE',\n       'CH_TRADE_LOW_PRICE', 'CH_PREVIOUS_CLS_PRICE', 'CH_LAST_TRADED_PRICE',\n       'CH_CLOSING_PRICE', 'VWAP', 'CH_52WEEK_HIGH_PRICE',\n       'CH_52WEEK_LOW_PRICE', 'CH_TOT_TRADED_QTY', 'CH_TOT_TRADED_VAL',\n       'CH_TOTAL_TRADES', 'CH_SYMBOL'],\n      dtype='object')] are in the [columns]"
2025-06-16 00:54:04,211 - WARNING - [AARTECH] Skipping year 2000 due to fetch error.
2025-06-16 00:54:04,211 - INFO - == Starting symbol: AARTIDRUGS ==
2025-06-16 00:54:04,211 - INFO - ---- [AARTIDRUGS] Fetching data from 2000-01-01 to 2000-12-31 ----
2025-06-16 00:54:04,263 - INFO - [AARTIDRUGS] Saved new data to data/rawData/AARTIDRUGS.csv
2025-06-16 00:54:05,267 - WARNING - [AARTIDRUGS] Failed to read CSV: Missing column provided to 'parse_dates': 'Date'
2025-06-16 00:54:05,268 - INFO - ---- [AARTIDRUGS] Fetching data from 2001-01-01 to 2001-12-31 ----
2025-06-16 00:54:05,322 - ERROR - [AARTIDRUGS] Error while fetching/saving: 'Date'
2025-06-16 00:54:05,322 - WARNING - [AARTIDRUGS] Skipping year 2001 due to fetch error.
2025-06-16 00:54:05,322 - INFO - == Starting symbol: AARTIIND ==
2025-06-16 00:54:05,322 - INFO - ---- [AARTIIND] Fetching data from 2000-01-01 to 2000-12-31 ----
2025-06-16 00:54:05,373 - INFO - [AARTIIND] Saved new data to data/rawData/AARTIIND.csv
2025-06-16 00:54:06,374 - WARNING - [AARTIIND] Failed to read CSV: Missing column provided to 'parse_dates': 'Date'
2025-06-16 00:54:06,374 - INFO - ---- [AARTIIND] Fetching data from 2001-01-01 to 2001-12-31 ----
2025-06-16 00:54:06,395 - ERROR - [AARTIIND] Error while fetching/saving: 'Date'
2025-06-16 00:54:06,395 - WARNING - [AARTIIND] Skipping year 2001 due to fetch error.
2025-06-16 00:54:06,395 - INFO - == Starting symbol: AARTIPHARM ==
2025-06-16 00:54:06,395 - INFO - ---- [AARTIPHARM] Fetching data from 2000-01-01 to 2000-12-31 ----
2025-06-16 00:54:06,400 - ERROR - [AARTIPHARM] Error while fetching/saving: "None of [Index(['CH_TIMESTAMP', 'CH_SERIES', 'CH_OPENING_PRICE', 'CH_TRADE_HIGH_PRICE',\n       'CH_TRADE_LOW_PRICE', 'CH_PREVIOUS_CLS_PRICE', 'CH_LAST_TRADED_PRICE',\n       'CH_CLOSING_PRICE', 'VWAP', 'CH_52WEEK_HIGH_PRICE',\n       'CH_52WEEK_LOW_PRICE', 'CH_TOT_TRADED_QTY', 'CH_TOT_TRADED_VAL',\n       'CH_TOTAL_TRADES', 'CH_SYMBOL'],\n      dtype='object')] are in the [columns]"
2025-06-16 00:54:06,400 - WARNING - [AARTIPHARM] Skipping year 2000 due to fetch error.
2025-06-16 00:54:06,400 - INFO - == Starting symbol: AARVI ==
2025-06-16 00:54:06,400 - INFO - ---- [AARVI] Fetching data from 2000-01-01 to 2000-12-31 ----
2025-06-16 00:54:06,405 - ERROR - [AARVI] Error while fetching/saving: "None of [Index(['CH_TIMESTAMP', 'CH_SERIES', 'CH_OPENING_PRICE', 'CH_TRADE_HIGH_PRICE',\n       'CH_TRADE_LOW_PRICE', 'CH_PREVIOUS_CLS_PRICE', 'CH_LAST_TRADED_PRICE',\n       'CH_CLOSING_PRICE', 'VWAP', 'CH_52WEEK_HIGH_PRICE',\n       'CH_52WEEK_LOW_PRICE', 'CH_TOT_TRADED_QTY', 'CH_TOT_TRADED_VAL',\n       'CH_TOTAL_TRADES', 'CH_SYMBOL'],\n      dtype='object')] are in the [columns]"
2025-06-16 00:54:06,405 - WARNING - [AARVI] Skipping year 2000 due to fetch error.
2025-06-16 00:54:06,405 - INFO - == Starting symbol: AAVAS ==
2025-06-16 00:54:06,405 - INFO - ---- [AAVAS] Fetching data from 2000-01-01 to 2000-12-31 ----
2025-06-16 00:54:06,409 - ERROR - [AAVAS] Error while fetching/saving: "None of [Index(['CH_TIMESTAMP', 'CH_SERIES', 'CH_OPENING_PRICE', 'CH_TRADE_HIGH_PRICE',\n       'CH_TRADE_LOW_PRICE', 'CH_PREVIOUS_CLS_PRICE', 'CH_LAST_TRADED_PRICE',\n       'CH_CLOSING_PRICE', 'VWAP', 'CH_52WEEK_HIGH_PRICE',\n       'CH_52WEEK_LOW_PRICE', 'CH_TOT_TRADED_QTY', 'CH_TOT_TRADED_VAL',\n       'CH_TOTAL_TRADES', 'CH_SYMBOL'],\n      dtype='object')] are in the [columns]"
2025-06-16 00:54:06,409 - WARNING - [AAVAS] Skipping year 2000 due to fetch error.
2025-06-16 00:54:06,409 - INFO - == Starting symbol: ABAN ==
2025-06-16 00:54:06,410 - INFO - ---- [ABAN] Fetching data from 2000-01-01 to 2000-12-31 ----
2025-06-16 00:54:06,434 - INFO - [ABAN] Saved new data to data/rawData/ABAN.csv
2025-06-16 00:54:07,435 - WARNING - [ABAN] Failed to read CSV: Missing column provided to 'parse_dates': 'Date'
2025-06-16 00:54:07,436 - INFO - ---- [ABAN] Fetching data from 2001-01-01 to 2001-12-31 ----
2025-06-16 00:54:08,797 - ERROR - [ABAN] Error while fetching/saving: 'Date'
2025-06-16 00:54:08,797 - WARNING - [ABAN] Skipping year 2001 due to fetch error.
2025-06-16 00:54:08,797 - INFO - == Starting symbol: ABB ==
2025-06-16 00:54:08,797 - INFO - ---- [ABB] Fetching data from 2000-01-01 to 2000-12-31 ----
2025-06-16 00:54:08,819 - INFO - [ABB] Saved new data to data/rawData/ABB.csv
2025-06-16 00:54:09,820 - WARNING - [ABB] Failed to read CSV: Missing column provided to 'parse_dates': 'Date'
2025-06-16 00:54:09,820 - INFO - ---- [ABB] Fetching data from 2001-01-01 to 2001-12-31 ----
2025-06-16 00:54:10,502 - ERROR - [ABB] Error while fetching/saving: 'Date'
2025-06-16 00:54:10,502 - WARNING - [ABB] Skipping year 2001 due to fetch error.
2025-06-16 00:54:10,502 - INFO - == Starting symbol: ABBOTINDIA ==
2025-06-16 00:54:10,503 - INFO - ---- [ABBOTINDIA] Fetching data from 2000-01-01 to 2000-12-31 ----
2025-06-16 00:54:10,507 - ERROR - [ABBOTINDIA] Error while fetching/saving: "None of [Index(['CH_TIMESTAMP', 'CH_SERIES', 'CH_OPENING_PRICE', 'CH_TRADE_HIGH_PRICE',\n       'CH_TRADE_LOW_PRICE', 'CH_PREVIOUS_CLS_PRICE', 'CH_LAST_TRADED_PRICE',\n       'CH_CLOSING_PRICE', 'VWAP', 'CH_52WEEK_HIGH_PRICE',\n       'CH_52WEEK_LOW_PRICE', 'CH_TOT_TRADED_QTY', 'CH_TOT_TRADED_VAL',\n       'CH_TOTAL_TRADES', 'CH_SYMBOL'],\n      dtype='object')] are in the [columns]"
2025-06-16 00:54:10,507 - WARNING - [ABBOTINDIA] Skipping year 2000 due to fetch error.
2025-06-16 00:54:10,507 - INFO - == Starting symbol: ABCAPITAL ==
2025-06-16 00:54:10,507 - INFO - ---- [ABCAPITAL] Fetching data from 2000-01-01 to 2000-12-31 ----
2025-06-16 00:54:10,511 - ERROR - [ABCAPITAL] Error while fetching/saving: "None of [Index(['CH_TIMESTAMP', 'CH_SERIES', 'CH_OPENING_PRICE', 'CH_TRADE_HIGH_PRICE',\n       'CH_TRADE_LOW_PRICE', 'CH_PREVIOUS_CLS_PRICE', 'CH_LAST_TRADED_PRICE',\n       'CH_CLOSING_PRICE', 'VWAP', 'CH_52WEEK_HIGH_PRICE',\n       'CH_52WEEK_LOW_PRICE', 'CH_TOT_TRADED_QTY', 'CH_TOT_TRADED_VAL',\n       'CH_TOTAL_TRADES', 'CH_SYMBOL'],\n      dtype='object')] are in the [columns]"
2025-06-16 00:54:10,511 - WARNING - [ABCAPITAL] Skipping year 2000 due to fetch error.
2025-06-16 00:54:10,511 - INFO - == Starting symbol: ABDL ==
2025-06-16 00:54:10,511 - INFO - ---- [ABDL] Fetching data from 2000-01-01 to 2000-12-31 ----
2025-06-16 00:54:10,515 - ERROR - [ABDL] Error while fetching/saving: "None of [Index(['CH_TIMESTAMP', 'CH_SERIES', 'CH_OPENING_PRICE', 'CH_TRADE_HIGH_PRICE',\n       'CH_TRADE_LOW_PRICE', 'CH_PREVIOUS_CLS_PRICE', 'CH_LAST_TRADED_PRICE',\n       'CH_CLOSING_PRICE', 'VWAP', 'CH_52WEEK_HIGH_PRICE',\n       'CH_52WEEK_LOW_PRICE', 'CH_TOT_TRADED_QTY', 'CH_TOT_TRADED_VAL',\n       'CH_TOTAL_TRADES', 'CH_SYMBOL'],\n      dtype='object')] are in the [columns]"
2025-06-16 00:54:10,516 - WARNING - [ABDL] Skipping year 2000 due to fetch error.
2025-06-16 00:54:10,516 - INFO - == Starting symbol: ABFRL ==
2025-06-16 00:54:10,516 - INFO - ---- [ABFRL] Fetching data from 2000-01-01 to 2000-12-31 ----
2025-06-16 00:54:10,520 - ERROR - [ABFRL] Error while fetching/saving: "None of [Index(['CH_TIMESTAMP', 'CH_SERIES', 'CH_OPENING_PRICE', 'CH_TRADE_HIGH_PRICE',\n       'CH_TRADE_LOW_PRICE', 'CH_PREVIOUS_CLS_PRICE', 'CH_LAST_TRADED_PRICE',\n       'CH_CLOSING_PRICE', 'VWAP', 'CH_52WEEK_HIGH_PRICE',\n       'CH_52WEEK_LOW_PRICE', 'CH_TOT_TRADED_QTY', 'CH_TOT_TRADED_VAL',\n       'CH_TOTAL_TRADES', 'CH_SYMBOL'],\n      dtype='object')] are in the [columns]"
2025-06-16 00:54:10,520 - WARNING - [ABFRL] Skipping year 2000 due to fetch error.
2025-06-16 00:54:10,520 - INFO - == Starting symbol: ABGSEC ==
2025-06-16 00:54:10,520 - INFO - ---- [ABGSEC] Fetching data from 2000-01-01 to 2000-12-31 ----
2025-06-16 00:54:10,524 - ERROR - [ABGSEC] Error while fetching/saving: "None of [Index(['CH_TIMESTAMP', 'CH_SERIES', 'CH_OPENING_PRICE', 'CH_TRADE_HIGH_PRICE',\n       'CH_TRADE_LOW_PRICE', 'CH_PREVIOUS_CLS_PRICE', 'CH_LAST_TRADED_PRICE',\n       'CH_CLOSING_PRICE', 'VWAP', 'CH_52WEEK_HIGH_PRICE',\n       'CH_52WEEK_LOW_PRICE', 'CH_TOT_TRADED_QTY', 'CH_TOT_TRADED_VAL',\n       'CH_TOTAL_TRADES', 'CH_SYMBOL'],\n      dtype='object')] are in the [columns]"
2025-06-16 00:54:10,524 - WARNING - [ABGSEC] Skipping year 2000 due to fetch error.
2025-06-16 00:54:10,524 - INFO - == Starting symbol: ABMINTLLTD ==
2025-06-16 00:54:10,524 - INFO - ---- [ABMINTLLTD] Fetching data from 2000-01-01 to 2000-12-31 ----
2025-06-16 00:54:10,528 - ERROR - [ABMINTLLTD] Error while fetching/saving: "None of [Index(['CH_TIMESTAMP', 'CH_SERIES', 'CH_OPENING_PRICE', 'CH_TRADE_HIGH_PRICE',\n       'CH_TRADE_LOW_PRICE', 'CH_PREVIOUS_CLS_PRICE', 'CH_LAST_TRADED_PRICE',\n       'CH_CLOSING_PRICE', 'VWAP', 'CH_52WEEK_HIGH_PRICE',\n       'CH_52WEEK_LOW_PRICE', 'CH_TOT_TRADED_QTY', 'CH_TOT_TRADED_VAL',\n       'CH_TOTAL_TRADES', 'CH_SYMBOL'],\n      dtype='object')] are in the [columns]"
2025-06-16 00:54:10,528 - WARNING - [ABMINTLLTD] Skipping year 2000 due to fetch error.
2025-06-16 00:54:10,528 - INFO - == Starting symbol: ABREL ==
2025-06-16 00:54:10,528 - INFO - ---- [ABREL] Fetching data from 2000-01-01 to 2000-12-31 ----
2025-06-16 00:54:10,549 - INFO - [ABREL] Saved new data to data/rawData/ABREL.csv
2025-06-16 00:54:11,549 - WARNING - [ABREL] Failed to read CSV: Missing column provided to 'parse_dates': 'Date'
2025-06-16 00:54:11,549 - INFO - ---- [ABREL] Fetching data from 2001-01-01 to 2001-12-31 ----
2025-06-16 00:54:12,317 - ERROR - [ABREL] Error while fetching/saving: 'Date'
2025-06-16 00:54:12,317 - WARNING - [ABREL] Skipping year 2001 due to fetch error.
2025-06-16 00:54:12,317 - INFO - == Starting symbol: ABSLAMC ==
2025-06-16 00:54:12,317 - INFO - ---- [ABSLAMC] Fetching data from 2000-01-01 to 2000-12-31 ----
2025-06-16 00:54:12,321 - ERROR - [ABSLAMC] Error while fetching/saving: "None of [Index(['CH_TIMESTAMP', 'CH_SERIES', 'CH_OPENING_PRICE', 'CH_TRADE_HIGH_PRICE',\n       'CH_TRADE_LOW_PRICE', 'CH_PREVIOUS_CLS_PRICE', 'CH_LAST_TRADED_PRICE',\n       'CH_CLOSING_PRICE', 'VWAP', 'CH_52WEEK_HIGH_PRICE',\n       'CH_52WEEK_LOW_PRICE', 'CH_TOT_TRADED_QTY', 'CH_TOT_TRADED_VAL',\n       'CH_TOTAL_TRADES', 'CH_SYMBOL'],\n      dtype='object')] are in the [columns]"
2025-06-16 00:54:12,321 - WARNING - [ABSLAMC] Skipping year 2000 due to fetch error.
2025-06-16 00:54:12,322 - INFO - == Starting symbol: ABSLBANETF ==
2025-06-16 00:54:12,322 - INFO - ---- [ABSLBANETF] Fetching data from 2000-01-01 to 2000-12-31 ----
2025-06-16 00:54:12,326 - ERROR - [ABSLBANETF] Error while fetching/saving: "None of [Index(['CH_TIMESTAMP', 'CH_SERIES', 'CH_OPENING_PRICE', 'CH_TRADE_HIGH_PRICE',\n       'CH_TRADE_LOW_PRICE', 'CH_PREVIOUS_CLS_PRICE', 'CH_LAST_TRADED_PRICE',\n       'CH_CLOSING_PRICE', 'VWAP', 'CH_52WEEK_HIGH_PRICE',\n       'CH_52WEEK_LOW_PRICE', 'CH_TOT_TRADED_QTY', 'CH_TOT_TRADED_VAL',\n       'CH_TOTAL_TRADES', 'CH_SYMBOL'],\n      dtype='object')] are in the [columns]"
2025-06-16 00:54:12,326 - WARNING - [ABSLBANETF] Skipping year 2000 due to fetch error.
2025-06-16 00:54:12,326 - INFO - == Starting symbol: ABSLLIQUID ==
2025-06-16 00:54:12,326 - INFO - ---- [ABSLLIQUID] Fetching data from 2000-01-01 to 2000-12-31 ----
2025-06-16 00:54:12,330 - ERROR - [ABSLLIQUID] Error while fetching/saving: "None of [Index(['CH_TIMESTAMP', 'CH_SERIES', 'CH_OPENING_PRICE', 'CH_TRADE_HIGH_PRICE',\n       'CH_TRADE_LOW_PRICE', 'CH_PREVIOUS_CLS_PRICE', 'CH_LAST_TRADED_PRICE',\n       'CH_CLOSING_PRICE', 'VWAP', 'CH_52WEEK_HIGH_PRICE',\n       'CH_52WEEK_LOW_PRICE', 'CH_TOT_TRADED_QTY', 'CH_TOT_TRADED_VAL',\n       'CH_TOTAL_TRADES', 'CH_SYMBOL'],\n      dtype='object')] are in the [columns]"
2025-06-16 00:54:12,330 - WARNING - [ABSLLIQUID] Skipping year 2000 due to fetch error.
2025-06-16 00:54:12,330 - INFO - == Starting symbol: ABSLNN50ET ==
2025-06-16 00:54:12,330 - INFO - ---- [ABSLNN50ET] Fetching data from 2000-01-01 to 2000-12-31 ----
2025-06-16 00:54:12,334 - ERROR - [ABSLNN50ET] Error while fetching/saving: "None of [Index(['CH_TIMESTAMP', 'CH_SERIES', 'CH_OPENING_PRICE', 'CH_TRADE_HIGH_PRICE',\n       'CH_TRADE_LOW_PRICE', 'CH_PREVIOUS_CLS_PRICE', 'CH_LAST_TRADED_PRICE',\n       'CH_CLOSING_PRICE', 'VWAP', 'CH_52WEEK_HIGH_PRICE',\n       'CH_52WEEK_LOW_PRICE', 'CH_TOT_TRADED_QTY', 'CH_TOT_TRADED_VAL',\n       'CH_TOTAL_TRADES', 'CH_SYMBOL'],\n      dtype='object')] are in the [columns]"
2025-06-16 00:54:12,334 - WARNING - [ABSLNN50ET] Skipping year 2000 due to fetch error.
2025-06-16 00:54:12,334 - INFO - == Starting symbol: ABSLPSE ==
2025-06-16 00:54:12,335 - INFO - ---- [ABSLPSE] Fetching data from 2000-01-01 to 2000-12-31 ----
2025-06-16 00:54:12,339 - ERROR - [ABSLPSE] Error while fetching/saving: "None of [Index(['CH_TIMESTAMP', 'CH_SERIES', 'CH_OPENING_PRICE', 'CH_TRADE_HIGH_PRICE',\n       'CH_TRADE_LOW_PRICE', 'CH_PREVIOUS_CLS_PRICE', 'CH_LAST_TRADED_PRICE',\n       'CH_CLOSING_PRICE', 'VWAP', 'CH_52WEEK_HIGH_PRICE',\n       'CH_52WEEK_LOW_PRICE', 'CH_TOT_TRADED_QTY', 'CH_TOT_TRADED_VAL',\n       'CH_TOTAL_TRADES', 'CH_SYMBOL'],\n      dtype='object')] are in the [columns]"
2025-06-16 00:54:12,339 - WARNING - [ABSLPSE] Skipping year 2000 due to fetch error.
2025-06-16 00:54:12,339 - INFO - == Starting symbol: ACC ==
2025-06-16 00:54:12,339 - INFO - ---- [ACC] Fetching data from 2000-01-01 to 2000-12-31 ----
2025-06-16 00:54:12,360 - INFO - [ACC] Saved new data to data/rawData/ACC.csv
2025-06-16 00:54:13,360 - WARNING - [ACC] Failed to read CSV: Missing column provided to 'parse_dates': 'Date'
2025-06-16 00:54:13,361 - INFO - ---- [ACC] Fetching data from 2001-01-01 to 2001-12-31 ----
2025-06-16 00:54:14,048 - ERROR - [ACC] Error while fetching/saving: 'Date'
2025-06-16 00:54:14,049 - WARNING - [ACC] Skipping year 2001 due to fetch error.
2025-06-16 00:54:14,049 - INFO - == Starting symbol: ACCELYA ==
2025-06-16 00:54:14,050 - INFO - ---- [ACCELYA] Fetching data from 2000-01-01 to 2000-12-31 ----
2025-06-16 00:54:14,138 - INFO - [ACCELYA] Saved new data to data/rawData/ACCELYA.csv
2025-06-16 00:54:15,140 - WARNING - [ACCELYA] Failed to read CSV: Missing column provided to 'parse_dates': 'Date'
2025-06-16 00:54:15,140 - INFO - ---- [ACCELYA] Fetching data from 2001-01-01 to 2001-12-31 ----
2025-06-16 00:54:15,746 - ERROR - [ACCELYA] Error while fetching/saving: 'Date'
2025-06-16 00:54:15,746 - WARNING - [ACCELYA] Skipping year 2001 due to fetch error.
2025-06-16 00:54:15,746 - INFO - == Starting symbol: ACCURACY ==
2025-06-16 00:54:15,746 - INFO - ---- [ACCURACY] Fetching data from 2000-01-01 to 2000-12-31 ----
2025-06-16 00:54:15,752 - ERROR - [ACCURACY] Error while fetching/saving: "None of [Index(['CH_TIMESTAMP', 'CH_SERIES', 'CH_OPENING_PRICE', 'CH_TRADE_HIGH_PRICE',\n       'CH_TRADE_LOW_PRICE', 'CH_PREVIOUS_CLS_PRICE', 'CH_LAST_TRADED_PRICE',\n       'CH_CLOSING_PRICE', 'VWAP', 'CH_52WEEK_HIGH_PRICE',\n       'CH_52WEEK_LOW_PRICE', 'CH_TOT_TRADED_QTY', 'CH_TOT_TRADED_VAL',\n       'CH_TOTAL_TRADES', 'CH_SYMBOL'],\n      dtype='object')] are in the [columns]"
2025-06-16 00:54:15,752 - WARNING - [ACCURACY] Skipping year 2000 due to fetch error.
2025-06-16 00:54:15,752 - INFO - == Starting symbol: ACE ==
2025-06-16 00:54:15,752 - INFO - ---- [ACE] Fetching data from 2000-01-01 to 2000-12-31 ----
2025-06-16 00:54:15,757 - ERROR - [ACE] Error while fetching/saving: "None of [Index(['CH_TIMESTAMP', 'CH_SERIES', 'CH_OPENING_PRICE', 'CH_TRADE_HIGH_PRICE',\n       'CH_TRADE_LOW_PRICE', 'CH_PREVIOUS_CLS_PRICE', 'CH_LAST_TRADED_PRICE',\n       'CH_CLOSING_PRICE', 'VWAP', 'CH_52WEEK_HIGH_PRICE',\n       'CH_52WEEK_LOW_PRICE', 'CH_TOT_TRADED_QTY', 'CH_TOT_TRADED_VAL',\n       'CH_TOTAL_TRADES', 'CH_SYMBOL'],\n      dtype='object')] are in the [columns]"
2025-06-16 00:54:15,757 - WARNING - [ACE] Skipping year 2000 due to fetch error.
2025-06-16 00:54:15,757 - INFO - == Starting symbol: ACEINTEG ==
2025-06-16 00:54:15,757 - INFO - ---- [ACEINTEG] Fetching data from 2000-01-01 to 2000-12-31 ----
2025-06-16 00:54:15,762 - ERROR - [ACEINTEG] Error while fetching/saving: "None of [Index(['CH_TIMESTAMP', 'CH_SERIES', 'CH_OPENING_PRICE', 'CH_TRADE_HIGH_PRICE',\n       'CH_TRADE_LOW_PRICE', 'CH_PREVIOUS_CLS_PRICE', 'CH_LAST_TRADED_PRICE',\n       'CH_CLOSING_PRICE', 'VWAP', 'CH_52WEEK_HIGH_PRICE',\n       'CH_52WEEK_LOW_PRICE', 'CH_TOT_TRADED_QTY', 'CH_TOT_TRADED_VAL',\n       'CH_TOTAL_TRADES', 'CH_SYMBOL'],\n      dtype='object')] are in the [columns]"
2025-06-16 00:54:15,762 - WARNING - [ACEINTEG] Skipping year 2000 due to fetch error.
2025-06-16 00:54:15,762 - INFO - == Starting symbol: ACI ==
2025-06-16 00:54:15,762 - INFO - ---- [ACI] Fetching data from 2000-01-01 to 2000-12-31 ----
2025-06-16 00:54:15,767 - ERROR - [ACI] Error while fetching/saving: "None of [Index(['CH_TIMESTAMP', 'CH_SERIES', 'CH_OPENING_PRICE', 'CH_TRADE_HIGH_PRICE',\n       'CH_TRADE_LOW_PRICE', 'CH_PREVIOUS_CLS_PRICE', 'CH_LAST_TRADED_PRICE',\n       'CH_CLOSING_PRICE', 'VWAP', 'CH_52WEEK_HIGH_PRICE',\n       'CH_52WEEK_LOW_PRICE', 'CH_TOT_TRADED_QTY', 'CH_TOT_TRADED_VAL',\n       'CH_TOTAL_TRADES', 'CH_SYMBOL'],\n      dtype='object')] are in the [columns]"
2025-06-16 00:54:15,767 - WARNING - [ACI] Skipping year 2000 due to fetch error.
2025-06-16 00:54:15,767 - INFO - == Starting symbol: ACL ==
2025-06-16 00:54:15,767 - INFO - ---- [ACL] Fetching data from 2000-01-01 to 2000-12-31 ----
2025-06-16 00:54:15,772 - ERROR - [ACL] Error while fetching/saving: "None of [Index(['CH_TIMESTAMP', 'CH_SERIES', 'CH_OPENING_PRICE', 'CH_TRADE_HIGH_PRICE',\n       'CH_TRADE_LOW_PRICE', 'CH_PREVIOUS_CLS_PRICE', 'CH_LAST_TRADED_PRICE',\n       'CH_CLOSING_PRICE', 'VWAP', 'CH_52WEEK_HIGH_PRICE',\n       'CH_52WEEK_LOW_PRICE', 'CH_TOT_TRADED_QTY', 'CH_TOT_TRADED_VAL',\n       'CH_TOTAL_TRADES', 'CH_SYMBOL'],\n      dtype='object')] are in the [columns]"
2025-06-16 00:54:15,772 - WARNING - [ACL] Skipping year 2000 due to fetch error.
2025-06-16 00:54:15,772 - INFO - == Starting symbol: ACLGATI ==
2025-06-16 00:54:15,773 - INFO - ---- [ACLGATI] Fetching data from 2000-01-01 to 2000-12-31 ----
2025-06-16 00:54:15,777 - ERROR - [ACLGATI] Error while fetching/saving: "None of [Index(['CH_TIMESTAMP', 'CH_SERIES', 'CH_OPENING_PRICE', 'CH_TRADE_HIGH_PRICE',\n       'CH_TRADE_LOW_PRICE', 'CH_PREVIOUS_CLS_PRICE', 'CH_LAST_TRADED_PRICE',\n       'CH_CLOSING_PRICE', 'VWAP', 'CH_52WEEK_HIGH_PRICE',\n       'CH_52WEEK_LOW_PRICE', 'CH_TOT_TRADED_QTY', 'CH_TOT_TRADED_VAL',\n       'CH_TOTAL_TRADES', 'CH_SYMBOL'],\n      dtype='object')] are in the [columns]"
2025-06-16 00:54:15,778 - WARNING - [ACLGATI] Skipping year 2000 due to fetch error.
2025-06-16 00:54:15,778 - INFO - == Starting symbol: ACMESOLAR ==
2025-06-16 00:54:15,778 - INFO - ---- [ACMESOLAR] Fetching data from 2000-01-01 to 2000-12-31 ----
2025-06-16 00:54:15,782 - ERROR - [ACMESOLAR] Error while fetching/saving: "None of [Index(['CH_TIMESTAMP', 'CH_SERIES', 'CH_OPENING_PRICE', 'CH_TRADE_HIGH_PRICE',\n       'CH_TRADE_LOW_PRICE', 'CH_PREVIOUS_CLS_PRICE', 'CH_LAST_TRADED_PRICE',\n       'CH_CLOSING_PRICE', 'VWAP', 'CH_52WEEK_HIGH_PRICE',\n       'CH_52WEEK_LOW_PRICE', 'CH_TOT_TRADED_QTY', 'CH_TOT_TRADED_VAL',\n       'CH_TOTAL_TRADES', 'CH_SYMBOL'],\n      dtype='object')] are in the [columns]"
2025-06-16 00:54:15,782 - WARNING - [ACMESOLAR] Skipping year 2000 due to fetch error.
2025-06-16 00:54:15,782 - INFO - == Starting symbol: ACUTAAS ==
2025-06-16 00:54:15,782 - INFO - ---- [ACUTAAS] Fetching data from 2000-01-01 to 2000-12-31 ----
2025-06-16 00:54:15,787 - ERROR - [ACUTAAS] Error while fetching/saving: "None of [Index(['CH_TIMESTAMP', 'CH_SERIES', 'CH_OPENING_PRICE', 'CH_TRADE_HIGH_PRICE',\n       'CH_TRADE_LOW_PRICE', 'CH_PREVIOUS_CLS_PRICE', 'CH_LAST_TRADED_PRICE',\n       'CH_CLOSING_PRICE', 'VWAP', 'CH_52WEEK_HIGH_PRICE',\n       'CH_52WEEK_LOW_PRICE', 'CH_TOT_TRADED_QTY', 'CH_TOT_TRADED_VAL',\n       'CH_TOTAL_TRADES', 'CH_SYMBOL'],\n      dtype='object')] are in the [columns]"
2025-06-16 00:54:15,787 - WARNING - [ACUTAAS] Skipping year 2000 due to fetch error.
2025-06-16 00:54:15,787 - INFO - == Starting symbol: ADANIENSOL ==
2025-06-16 00:54:15,787 - INFO - ---- [ADANIENSOL] Fetching data from 2000-01-01 to 2000-12-31 ----
2025-06-16 00:54:15,792 - ERROR - [ADANIENSOL] Error while fetching/saving: "None of [Index(['CH_TIMESTAMP', 'CH_SERIES', 'CH_OPENING_PRICE', 'CH_TRADE_HIGH_PRICE',\n       'CH_TRADE_LOW_PRICE', 'CH_PREVIOUS_CLS_PRICE', 'CH_LAST_TRADED_PRICE',\n       'CH_CLOSING_PRICE', 'VWAP', 'CH_52WEEK_HIGH_PRICE',\n       'CH_52WEEK_LOW_PRICE', 'CH_TOT_TRADED_QTY', 'CH_TOT_TRADED_VAL',\n       'CH_TOTAL_TRADES', 'CH_SYMBOL'],\n      dtype='object')] are in the [columns]"
2025-06-16 00:54:15,793 - WARNING - [ADANIENSOL] Skipping year 2000 due to fetch error.
2025-06-16 00:54:15,793 - INFO - == Starting symbol: ADANIENT ==
2025-06-16 00:54:15,793 - INFO - ---- [ADANIENT] Fetching data from 2000-01-01 to 2000-12-31 ----
2025-06-16 00:54:15,818 - INFO - [ADANIENT] Saved new data to data/rawData/ADANIENT.csv
2025-06-16 00:54:16,820 - WARNING - [ADANIENT] Failed to read CSV: Missing column provided to 'parse_dates': 'Date'
2025-06-16 00:54:16,821 - INFO - ---- [ADANIENT] Fetching data from 2001-01-01 to 2001-12-31 ----
2025-06-16 00:54:17,691 - ERROR - [ADANIENT] Error while fetching/saving: 'Date'
2025-06-16 00:54:17,692 - WARNING - [ADANIENT] Skipping year 2001 due to fetch error.
2025-06-16 00:54:17,692 - INFO - == Starting symbol: ADANIGREEN ==
2025-06-16 00:54:17,693 - INFO - ---- [ADANIGREEN] Fetching data from 2000-01-01 to 2000-12-31 ----
2025-06-16 00:54:17,710 - ERROR - [ADANIGREEN] Error while fetching/saving: "None of [Index(['CH_TIMESTAMP', 'CH_SERIES', 'CH_OPENING_PRICE', 'CH_TRADE_HIGH_PRICE',\n       'CH_TRADE_LOW_PRICE', 'CH_PREVIOUS_CLS_PRICE', 'CH_LAST_TRADED_PRICE',\n       'CH_CLOSING_PRICE', 'VWAP', 'CH_52WEEK_HIGH_PRICE',\n       'CH_52WEEK_LOW_PRICE', 'CH_TOT_TRADED_QTY', 'CH_TOT_TRADED_VAL',\n       'CH_TOTAL_TRADES', 'CH_SYMBOL'],\n      dtype='object')] are in the [columns]"
2025-06-16 00:54:17,710 - WARNING - [ADANIGREEN] Skipping year 2000 due to fetch error.
2025-06-16 00:54:17,711 - INFO - == Starting symbol: ADANIPORTS ==
2025-06-16 00:54:17,711 - INFO - ---- [ADANIPORTS] Fetching data from 2000-01-01 to 2000-12-31 ----
2025-06-16 00:54:17,727 - ERROR - [ADANIPORTS] Error while fetching/saving: "None of [Index(['CH_TIMESTAMP', 'CH_SERIES', 'CH_OPENING_PRICE', 'CH_TRADE_HIGH_PRICE',\n       'CH_TRADE_LOW_PRICE', 'CH_PREVIOUS_CLS_PRICE', 'CH_LAST_TRADED_PRICE',\n       'CH_CLOSING_PRICE', 'VWAP', 'CH_52WEEK_HIGH_PRICE',\n       'CH_52WEEK_LOW_PRICE', 'CH_TOT_TRADED_QTY', 'CH_TOT_TRADED_VAL',\n       'CH_TOTAL_TRADES', 'CH_SYMBOL'],\n      dtype='object')] are in the [columns]"
2025-06-16 00:54:17,727 - WARNING - [ADANIPORTS] Skipping year 2000 due to fetch error.
2025-06-16 00:54:17,728 - INFO - == Starting symbol: ADANIPOWER ==
2025-06-16 00:54:17,728 - INFO - ---- [ADANIPOWER] Fetching data from 2000-01-01 to 2000-12-31 ----
2025-06-16 00:54:17,747 - ERROR - [ADANIPOWER] Error while fetching/saving: "None of [Index(['CH_TIMESTAMP', 'CH_SERIES', 'CH_OPENING_PRICE', 'CH_TRADE_HIGH_PRICE',\n       'CH_TRADE_LOW_PRICE', 'CH_PREVIOUS_CLS_PRICE', 'CH_LAST_TRADED_PRICE',\n       'CH_CLOSING_PRICE', 'VWAP', 'CH_52WEEK_HIGH_PRICE',\n       'CH_52WEEK_LOW_PRICE', 'CH_TOT_TRADED_QTY', 'CH_TOT_TRADED_VAL',\n       'CH_TOTAL_TRADES', 'CH_SYMBOL'],\n      dtype='object')] are in the [columns]"
2025-06-16 00:54:17,747 - WARNING - [ADANIPOWER] Skipping year 2000 due to fetch error.
2025-06-16 00:54:17,748 - INFO - == Starting symbol: ADFFOODS ==
2025-06-16 00:54:17,748 - INFO - ---- [ADFFOODS] Fetching data from 2000-01-01 to 2000-12-31 ----
2025-06-16 00:54:17,769 - ERROR - [ADFFOODS] Error while fetching/saving: "None of [Index(['CH_TIMESTAMP', 'CH_SERIES', 'CH_OPENING_PRICE', 'CH_TRADE_HIGH_PRICE',\n       'CH_TRADE_LOW_PRICE', 'CH_PREVIOUS_CLS_PRICE', 'CH_LAST_TRADED_PRICE',\n       'CH_CLOSING_PRICE', 'VWAP', 'CH_52WEEK_HIGH_PRICE',\n       'CH_52WEEK_LOW_PRICE', 'CH_TOT_TRADED_QTY', 'CH_TOT_TRADED_VAL',\n       'CH_TOTAL_TRADES', 'CH_SYMBOL'],\n      dtype='object')] are in the [columns]"
2025-06-16 00:54:17,769 - WARNING - [ADFFOODS] Skipping year 2000 due to fetch error.
2025-06-16 00:54:17,770 - INFO - == Starting symbol: ADOR ==
2025-06-16 00:54:17,770 - INFO - ---- [ADOR] Fetching data from 2000-01-01 to 2000-12-31 ----
2025-06-16 00:54:17,892 - INFO - [ADOR] Saved new data to data/rawData/ADOR.csv
2025-06-16 00:54:18,895 - WARNING - [ADOR] Failed to read CSV: Missing column provided to 'parse_dates': 'Date'
2025-06-16 00:54:18,895 - INFO - ---- [ADOR] Fetching data from 2001-01-01 to 2001-12-31 ----
2025-06-16 00:54:19,578 - ERROR - [ADOR] Error while fetching/saving: 'Date'
2025-06-16 00:54:19,579 - WARNING - [ADOR] Skipping year 2001 due to fetch error.
2025-06-16 00:54:19,579 - INFO - == Starting symbol: ADROITINFO ==
2025-06-16 00:54:19,579 - INFO - ---- [ADROITINFO] Fetching data from 2000-01-01 to 2000-12-31 ----
2025-06-16 00:54:19,611 - INFO - [ADROITINFO] Saved new data to data/rawData/ADROITINFO.csv
2025-06-16 00:54:20,613 - WARNING - [ADROITINFO] Failed to read CSV: Missing column provided to 'parse_dates': 'Date'
2025-06-16 00:54:20,613 - INFO - ---- [ADROITINFO] Fetching data from 2001-01-01 to 2001-12-31 ----
2025-06-16 00:54:21,149 - ERROR - [ADROITINFO] Error while fetching/saving: 'Date'
2025-06-16 00:54:21,150 - WARNING - [ADROITINFO] Skipping year 2001 due to fetch error.
2025-06-16 00:54:21,150 - INFO - == Starting symbol: ADSL ==
2025-06-16 00:54:21,150 - INFO - ---- [ADSL] Fetching data from 2000-01-01 to 2000-12-31 ----
2025-06-16 00:54:21,156 - ERROR - [ADSL] Error while fetching/saving: "None of [Index(['CH_TIMESTAMP', 'CH_SERIES', 'CH_OPENING_PRICE', 'CH_TRADE_HIGH_PRICE',\n       'CH_TRADE_LOW_PRICE', 'CH_PREVIOUS_CLS_PRICE', 'CH_LAST_TRADED_PRICE',\n       'CH_CLOSING_PRICE', 'VWAP', 'CH_52WEEK_HIGH_PRICE',\n       'CH_52WEEK_LOW_PRICE', 'CH_TOT_TRADED_QTY', 'CH_TOT_TRADED_VAL',\n       'CH_TOTAL_TRADES', 'CH_SYMBOL'],\n      dtype='object')] are in the [columns]"
2025-06-16 00:54:21,156 - WARNING - [ADSL] Skipping year 2000 due to fetch error.
2025-06-16 00:54:21,156 - INFO - == Starting symbol: ADVANIHOTR ==
2025-06-16 00:54:21,156 - INFO - ---- [ADVANIHOTR] Fetching data from 2000-01-01 to 2000-12-31 ----
2025-06-16 00:54:21,180 - INFO - [ADVANIHOTR] Saved new data to data/rawData/ADVANIHOTR.csv
2025-06-16 00:54:22,182 - WARNING - [ADVANIHOTR] Failed to read CSV: Missing column provided to 'parse_dates': 'Date'
2025-06-16 00:54:22,182 - INFO - ---- [ADVANIHOTR] Fetching data from 2001-01-01 to 2001-12-31 ----
2025-06-16 00:54:22,895 - ERROR - [ADVANIHOTR] Error while fetching/saving: "None of [Index(['CH_TIMESTAMP', 'CH_SERIES', 'CH_OPENING_PRICE', 'CH_TRADE_HIGH_PRICE',\n       'CH_TRADE_LOW_PRICE', 'CH_PREVIOUS_CLS_PRICE', 'CH_LAST_TRADED_PRICE',\n       'CH_CLOSING_PRICE', 'VWAP', 'CH_52WEEK_HIGH_PRICE',\n       'CH_52WEEK_LOW_PRICE', 'CH_TOT_TRADED_QTY', 'CH_TOT_TRADED_VAL',\n       'CH_TOTAL_TRADES', 'CH_SYMBOL'],\n      dtype='object')] are in the [columns]"
2025-06-16 00:54:22,896 - WARNING - [ADVANIHOTR] Skipping year 2001 due to fetch error.
2025-06-16 00:54:22,896 - INFO - == Starting symbol: ADVENZYMES ==
2025-06-16 00:54:22,896 - INFO - ---- [ADVENZYMES] Fetching data from 2000-01-01 to 2000-12-31 ----
2025-06-16 00:54:22,911 - ERROR - [ADVENZYMES] Error while fetching/saving: "None of [Index(['CH_TIMESTAMP', 'CH_SERIES', 'CH_OPENING_PRICE', 'CH_TRADE_HIGH_PRICE',\n       'CH_TRADE_LOW_PRICE', 'CH_PREVIOUS_CLS_PRICE', 'CH_LAST_TRADED_PRICE',\n       'CH_CLOSING_PRICE', 'VWAP', 'CH_52WEEK_HIGH_PRICE',\n       'CH_52WEEK_LOW_PRICE', 'CH_TOT_TRADED_QTY', 'CH_TOT_TRADED_VAL',\n       'CH_TOTAL_TRADES', 'CH_SYMBOL'],\n      dtype='object')] are in the [columns]"
2025-06-16 00:54:22,912 - WARNING - [ADVENZYMES] Skipping year 2000 due to fetch error.
2025-06-16 00:54:22,912 - INFO - == Starting symbol: AEGISLOG ==
2025-06-16 00:54:22,913 - INFO - ---- [AEGISLOG] Fetching data from 2000-01-01 to 2000-12-31 ----
2025-06-16 00:54:23,018 - INFO - [AEGISLOG] Saved new data to data/rawData/AEGISLOG.csv
2025-06-16 00:54:24,020 - WARNING - [AEGISLOG] Failed to read CSV: Missing column provided to 'parse_dates': 'Date'
2025-06-16 00:54:24,020 - INFO - ---- [AEGISLOG] Fetching data from 2001-01-01 to 2001-12-31 ----
2025-06-16 00:54:24,786 - ERROR - [AEGISLOG] Error while fetching/saving: 'Date'
2025-06-16 00:54:24,786 - WARNING - [AEGISLOG] Skipping year 2001 due to fetch error.
2025-06-16 00:54:24,786 - INFO - == Starting symbol: AEGISVOPAK ==
2025-06-16 00:54:24,787 - INFO - ---- [AEGISVOPAK] Fetching data from 2000-01-01 to 2000-12-31 ----
2025-06-16 00:54:24,798 - ERROR - [AEGISVOPAK] Error while fetching/saving: "None of [Index(['CH_TIMESTAMP', 'CH_SERIES', 'CH_OPENING_PRICE', 'CH_TRADE_HIGH_PRICE',\n       'CH_TRADE_LOW_PRICE', 'CH_PREVIOUS_CLS_PRICE', 'CH_LAST_TRADED_PRICE',\n       'CH_CLOSING_PRICE', 'VWAP', 'CH_52WEEK_HIGH_PRICE',\n       'CH_52WEEK_LOW_PRICE', 'CH_TOT_TRADED_QTY', 'CH_TOT_TRADED_VAL',\n       'CH_TOTAL_TRADES', 'CH_SYMBOL'],\n      dtype='object')] are in the [columns]"
2025-06-16 00:54:24,798 - WARNING - [AEGISVOPAK] Skipping year 2000 due to fetch error.
2025-06-16 00:54:24,798 - INFO - == Starting symbol: AEROFLEX ==
2025-06-16 00:54:24,798 - INFO - ---- [AEROFLEX] Fetching data from 2000-01-01 to 2000-12-31 ----
2025-06-16 00:54:24,808 - ERROR - [AEROFLEX] Error while fetching/saving: "None of [Index(['CH_TIMESTAMP', 'CH_SERIES', 'CH_OPENING_PRICE', 'CH_TRADE_HIGH_PRICE',\n       'CH_TRADE_LOW_PRICE', 'CH_PREVIOUS_CLS_PRICE', 'CH_LAST_TRADED_PRICE',\n       'CH_CLOSING_PRICE', 'VWAP', 'CH_52WEEK_HIGH_PRICE',\n       'CH_52WEEK_LOW_PRICE', 'CH_TOT_TRADED_QTY', 'CH_TOT_TRADED_VAL',\n       'CH_TOTAL_TRADES', 'CH_SYMBOL'],\n      dtype='object')] are in the [columns]"
2025-06-16 00:54:24,809 - WARNING - [AEROFLEX] Skipping year 2000 due to fetch error.
2025-06-16 00:54:24,809 - INFO - == Starting symbol: AETHER ==
2025-06-16 00:54:24,809 - INFO - ---- [AETHER] Fetching data from 2000-01-01 to 2000-12-31 ----
2025-06-16 00:54:24,819 - ERROR - [AETHER] Error while fetching/saving: "None of [Index(['CH_TIMESTAMP', 'CH_SERIES', 'CH_OPENING_PRICE', 'CH_TRADE_HIGH_PRICE',\n       'CH_TRADE_LOW_PRICE', 'CH_PREVIOUS_CLS_PRICE', 'CH_LAST_TRADED_PRICE',\n       'CH_CLOSING_PRICE', 'VWAP', 'CH_52WEEK_HIGH_PRICE',\n       'CH_52WEEK_LOW_PRICE', 'CH_TOT_TRADED_QTY', 'CH_TOT_TRADED_VAL',\n       'CH_TOTAL_TRADES', 'CH_SYMBOL'],\n      dtype='object')] are in the [columns]"
2025-06-16 00:54:24,820 - WARNING - [AETHER] Skipping year 2000 due to fetch error.
2025-06-16 00:54:24,820 - INFO - == Starting symbol: AFCONS ==
2025-06-16 00:54:24,820 - INFO - ---- [AFCONS] Fetching data from 2000-01-01 to 2000-12-31 ----
2025-06-16 00:54:24,831 - ERROR - [AFCONS] Error while fetching/saving: "None of [Index(['CH_TIMESTAMP', 'CH_SERIES', 'CH_OPENING_PRICE', 'CH_TRADE_HIGH_PRICE',\n       'CH_TRADE_LOW_PRICE', 'CH_PREVIOUS_CLS_PRICE', 'CH_LAST_TRADED_PRICE',\n       'CH_CLOSING_PRICE', 'VWAP', 'CH_52WEEK_HIGH_PRICE',\n       'CH_52WEEK_LOW_PRICE', 'CH_TOT_TRADED_QTY', 'CH_TOT_TRADED_VAL',\n       'CH_TOTAL_TRADES', 'CH_SYMBOL'],\n      dtype='object')] are in the [columns]"
2025-06-16 00:54:24,831 - WARNING - [AFCONS] Skipping year 2000 due to fetch error.
2025-06-16 00:54:24,831 - INFO - == Starting symbol: AFFLE ==
2025-06-16 00:54:24,832 - INFO - ---- [AFFLE] Fetching data from 2000-01-01 to 2000-12-31 ----
2025-06-16 00:54:24,842 - ERROR - [AFFLE] Error while fetching/saving: "None of [Index(['CH_TIMESTAMP', 'CH_SERIES', 'CH_OPENING_PRICE', 'CH_TRADE_HIGH_PRICE',\n       'CH_TRADE_LOW_PRICE', 'CH_PREVIOUS_CLS_PRICE', 'CH_LAST_TRADED_PRICE',\n       'CH_CLOSING_PRICE', 'VWAP', 'CH_52WEEK_HIGH_PRICE',\n       'CH_52WEEK_LOW_PRICE', 'CH_TOT_TRADED_QTY', 'CH_TOT_TRADED_VAL',\n       'CH_TOTAL_TRADES', 'CH_SYMBOL'],\n      dtype='object')] are in the [columns]"
2025-06-16 00:54:24,842 - WARNING - [AFFLE] Skipping year 2000 due to fetch error.
2025-06-16 00:54:24,842 - INFO - == Starting symbol: AFFORDABLE ==
2025-06-16 00:54:24,843 - INFO - ---- [AFFORDABLE] Fetching data from 2000-01-01 to 2000-12-31 ----
2025-06-16 00:54:24,855 - ERROR - [AFFORDABLE] Error while fetching/saving: "None of [Index(['CH_TIMESTAMP', 'CH_SERIES', 'CH_OPENING_PRICE', 'CH_TRADE_HIGH_PRICE',\n       'CH_TRADE_LOW_PRICE', 'CH_PREVIOUS_CLS_PRICE', 'CH_LAST_TRADED_PRICE',\n       'CH_CLOSING_PRICE', 'VWAP', 'CH_52WEEK_HIGH_PRICE',\n       'CH_52WEEK_LOW_PRICE', 'CH_TOT_TRADED_QTY', 'CH_TOT_TRADED_VAL',\n       'CH_TOTAL_TRADES', 'CH_SYMBOL'],\n      dtype='object')] are in the [columns]"
2025-06-16 00:54:24,856 - WARNING - [AFFORDABLE] Skipping year 2000 due to fetch error.
2025-06-16 00:54:24,856 - INFO - == Starting symbol: AFIL ==
2025-06-16 00:54:24,856 - INFO - ---- [AFIL] Fetching data from 2000-01-01 to 2000-12-31 ----
2025-06-16 00:54:24,869 - ERROR - [AFIL] Error while fetching/saving: "None of [Index(['CH_TIMESTAMP', 'CH_SERIES', 'CH_OPENING_PRICE', 'CH_TRADE_HIGH_PRICE',\n       'CH_TRADE_LOW_PRICE', 'CH_PREVIOUS_CLS_PRICE', 'CH_LAST_TRADED_PRICE',\n       'CH_CLOSING_PRICE', 'VWAP', 'CH_52WEEK_HIGH_PRICE',\n       'CH_52WEEK_LOW_PRICE', 'CH_TOT_TRADED_QTY', 'CH_TOT_TRADED_VAL',\n       'CH_TOTAL_TRADES', 'CH_SYMBOL'],\n      dtype='object')] are in the [columns]"
2025-06-16 00:54:24,870 - WARNING - [AFIL] Skipping year 2000 due to fetch error.
2025-06-16 00:54:24,870 - INFO - == Starting symbol: AFSL ==
2025-06-16 00:54:24,870 - INFO - ---- [AFSL] Fetching data from 2000-01-01 to 2000-12-31 ----
2025-06-16 00:54:24,882 - ERROR - [AFSL] Error while fetching/saving: "None of [Index(['CH_TIMESTAMP', 'CH_SERIES', 'CH_OPENING_PRICE', 'CH_TRADE_HIGH_PRICE',\n       'CH_TRADE_LOW_PRICE', 'CH_PREVIOUS_CLS_PRICE', 'CH_LAST_TRADED_PRICE',\n       'CH_CLOSING_PRICE', 'VWAP', 'CH_52WEEK_HIGH_PRICE',\n       'CH_52WEEK_LOW_PRICE', 'CH_TOT_TRADED_QTY', 'CH_TOT_TRADED_VAL',\n       'CH_TOTAL_TRADES', 'CH_SYMBOL'],\n      dtype='object')] are in the [columns]"
2025-06-16 00:54:24,882 - WARNING - [AFSL] Skipping year 2000 due to fetch error.
2025-06-16 00:54:24,882 - INFO - == Starting symbol: AGARIND ==
2025-06-16 00:54:24,883 - INFO - ---- [AGARIND] Fetching data from 2000-01-01 to 2000-12-31 ----
2025-06-16 00:54:24,893 - ERROR - [AGARIND] Error while fetching/saving: "None of [Index(['CH_TIMESTAMP', 'CH_SERIES', 'CH_OPENING_PRICE', 'CH_TRADE_HIGH_PRICE',\n       'CH_TRADE_LOW_PRICE', 'CH_PREVIOUS_CLS_PRICE', 'CH_LAST_TRADED_PRICE',\n       'CH_CLOSING_PRICE', 'VWAP', 'CH_52WEEK_HIGH_PRICE',\n       'CH_52WEEK_LOW_PRICE', 'CH_TOT_TRADED_QTY', 'CH_TOT_TRADED_VAL',\n       'CH_TOTAL_TRADES', 'CH_SYMBOL'],\n      dtype='object')] are in the [columns]"
2025-06-16 00:54:24,893 - WARNING - [AGARIND] Skipping year 2000 due to fetch error.
2025-06-16 00:54:24,893 - INFO - == Starting symbol: AGARWALEYE ==
2025-06-16 00:54:24,894 - INFO - ---- [AGARWALEYE] Fetching data from 2000-01-01 to 2000-12-31 ----
2025-06-16 00:54:24,905 - ERROR - [AGARWALEYE] Error while fetching/saving: "None of [Index(['CH_TIMESTAMP', 'CH_SERIES', 'CH_OPENING_PRICE', 'CH_TRADE_HIGH_PRICE',\n       'CH_TRADE_LOW_PRICE', 'CH_PREVIOUS_CLS_PRICE', 'CH_LAST_TRADED_PRICE',\n       'CH_CLOSING_PRICE', 'VWAP', 'CH_52WEEK_HIGH_PRICE',\n       'CH_52WEEK_LOW_PRICE', 'CH_TOT_TRADED_QTY', 'CH_TOT_TRADED_VAL',\n       'CH_TOTAL_TRADES', 'CH_SYMBOL'],\n      dtype='object')] are in the [columns]"
2025-06-16 00:54:24,905 - WARNING - [AGARWALEYE] Skipping year 2000 due to fetch error.
2025-06-16 00:54:24,905 - INFO - == Starting symbol: AGI ==
2025-06-16 00:54:24,905 - INFO - ---- [AGI] Fetching data from 2000-01-01 to 2000-12-31 ----
2025-06-16 00:54:24,945 - INFO - [AGI] Saved new data to data/rawData/AGI.csv
2025-06-16 00:54:25,950 - WARNING - [AGI] Failed to read CSV: Missing column provided to 'parse_dates': 'Date'
2025-06-16 00:54:25,950 - INFO - ---- [AGI] Fetching data from 2001-01-01 to 2001-12-31 ----
2025-06-16 00:54:26,741 - ERROR - [AGI] Error while fetching/saving: 'Date'
2025-06-16 00:54:26,741 - WARNING - [AGI] Skipping year 2001 due to fetch error.
2025-06-16 00:54:26,741 - INFO - == Starting symbol: AGIIL ==
2025-06-16 00:54:26,742 - INFO - ---- [AGIIL] Fetching data from 2000-01-01 to 2000-12-31 ----
2025-06-16 00:54:26,747 - ERROR - [AGIIL] Error while fetching/saving: "None of [Index(['CH_TIMESTAMP', 'CH_SERIES', 'CH_OPENING_PRICE', 'CH_TRADE_HIGH_PRICE',\n       'CH_TRADE_LOW_PRICE', 'CH_PREVIOUS_CLS_PRICE', 'CH_LAST_TRADED_PRICE',\n       'CH_CLOSING_PRICE', 'VWAP', 'CH_52WEEK_HIGH_PRICE',\n       'CH_52WEEK_LOW_PRICE', 'CH_TOT_TRADED_QTY', 'CH_TOT_TRADED_VAL',\n       'CH_TOTAL_TRADES', 'CH_SYMBOL'],\n      dtype='object')] are in the [columns]"
2025-06-16 00:54:26,747 - WARNING - [AGIIL] Skipping year 2000 due to fetch error.
2025-06-16 00:54:26,747 - INFO - == Starting symbol: AGRITECH ==
2025-06-16 00:54:26,747 - INFO - ---- [AGRITECH] Fetching data from 2000-01-01 to 2000-12-31 ----
2025-06-16 00:54:26,751 - ERROR - [AGRITECH] Error while fetching/saving: "None of [Index(['CH_TIMESTAMP', 'CH_SERIES', 'CH_OPENING_PRICE', 'CH_TRADE_HIGH_PRICE',\n       'CH_TRADE_LOW_PRICE', 'CH_PREVIOUS_CLS_PRICE', 'CH_LAST_TRADED_PRICE',\n       'CH_CLOSING_PRICE', 'VWAP', 'CH_52WEEK_HIGH_PRICE',\n       'CH_52WEEK_LOW_PRICE', 'CH_TOT_TRADED_QTY', 'CH_TOT_TRADED_VAL',\n       'CH_TOTAL_TRADES', 'CH_SYMBOL'],\n      dtype='object')] are in the [columns]"
2025-06-16 00:54:26,751 - WARNING - [AGRITECH] Skipping year 2000 due to fetch error.
2025-06-16 00:54:26,751 - INFO - == Starting symbol: AGROPHOS ==
2025-06-16 00:54:26,751 - INFO - ---- [AGROPHOS] Fetching data from 2000-01-01 to 2000-12-31 ----
2025-06-16 00:54:26,755 - ERROR - [AGROPHOS] Error while fetching/saving: "None of [Index(['CH_TIMESTAMP', 'CH_SERIES', 'CH_OPENING_PRICE', 'CH_TRADE_HIGH_PRICE',\n       'CH_TRADE_LOW_PRICE', 'CH_PREVIOUS_CLS_PRICE', 'CH_LAST_TRADED_PRICE',\n       'CH_CLOSING_PRICE', 'VWAP', 'CH_52WEEK_HIGH_PRICE',\n       'CH_52WEEK_LOW_PRICE', 'CH_TOT_TRADED_QTY', 'CH_TOT_TRADED_VAL',\n       'CH_TOTAL_TRADES', 'CH_SYMBOL'],\n      dtype='object')] are in the [columns]"
2025-06-16 00:54:26,755 - WARNING - [AGROPHOS] Skipping year 2000 due to fetch error.
2025-06-16 00:54:26,755 - INFO - == Starting symbol: AHLADA ==
2025-06-16 00:54:26,755 - INFO - ---- [AHLADA] Fetching data from 2000-01-01 to 2000-12-31 ----
2025-06-16 00:54:26,759 - ERROR - [AHLADA] Error while fetching/saving: "None of [Index(['CH_TIMESTAMP', 'CH_SERIES', 'CH_OPENING_PRICE', 'CH_TRADE_HIGH_PRICE',\n       'CH_TRADE_LOW_PRICE', 'CH_PREVIOUS_CLS_PRICE', 'CH_LAST_TRADED_PRICE',\n       'CH_CLOSING_PRICE', 'VWAP', 'CH_52WEEK_HIGH_PRICE',\n       'CH_52WEEK_LOW_PRICE', 'CH_TOT_TRADED_QTY', 'CH_TOT_TRADED_VAL',\n       'CH_TOTAL_TRADES', 'CH_SYMBOL'],\n      dtype='object')] are in the [columns]"
2025-06-16 00:54:26,759 - WARNING - [AHLADA] Skipping year 2000 due to fetch error.
2025-06-16 00:54:26,759 - INFO - == Starting symbol: AHLEAST ==
2025-06-16 00:54:26,760 - INFO - ---- [AHLEAST] Fetching data from 2000-01-01 to 2000-12-31 ----
2025-06-16 00:54:26,763 - ERROR - [AHLEAST] Error while fetching/saving: "None of [Index(['CH_TIMESTAMP', 'CH_SERIES', 'CH_OPENING_PRICE', 'CH_TRADE_HIGH_PRICE',\n       'CH_TRADE_LOW_PRICE', 'CH_PREVIOUS_CLS_PRICE', 'CH_LAST_TRADED_PRICE',\n       'CH_CLOSING_PRICE', 'VWAP', 'CH_52WEEK_HIGH_PRICE',\n       'CH_52WEEK_LOW_PRICE', 'CH_TOT_TRADED_QTY', 'CH_TOT_TRADED_VAL',\n       'CH_TOTAL_TRADES', 'CH_SYMBOL'],\n      dtype='object')] are in the [columns]"
2025-06-16 00:54:26,764 - WARNING - [AHLEAST] Skipping year 2000 due to fetch error.
2025-06-16 00:54:26,764 - INFO - == Starting symbol: AHLUCONT ==
2025-06-16 00:54:26,764 - INFO - ---- [AHLUCONT] Fetching data from 2000-01-01 to 2000-12-31 ----
2025-06-16 00:54:26,768 - ERROR - [AHLUCONT] Error while fetching/saving: "None of [Index(['CH_TIMESTAMP', 'CH_SERIES', 'CH_OPENING_PRICE', 'CH_TRADE_HIGH_PRICE',\n       'CH_TRADE_LOW_PRICE', 'CH_PREVIOUS_CLS_PRICE', 'CH_LAST_TRADED_PRICE',\n       'CH_CLOSING_PRICE', 'VWAP', 'CH_52WEEK_HIGH_PRICE',\n       'CH_52WEEK_LOW_PRICE', 'CH_TOT_TRADED_QTY', 'CH_TOT_TRADED_VAL',\n       'CH_TOTAL_TRADES', 'CH_SYMBOL'],\n      dtype='object')] are in the [columns]"
2025-06-16 00:54:26,768 - WARNING - [AHLUCONT] Skipping year 2000 due to fetch error.
2025-06-16 00:54:26,768 - INFO - == Starting symbol: AIAENG ==
2025-06-16 00:54:26,768 - INFO - ---- [AIAENG] Fetching data from 2000-01-01 to 2000-12-31 ----
2025-06-16 00:54:26,772 - ERROR - [AIAENG] Error while fetching/saving: "None of [Index(['CH_TIMESTAMP', 'CH_SERIES', 'CH_OPENING_PRICE', 'CH_TRADE_HIGH_PRICE',\n       'CH_TRADE_LOW_PRICE', 'CH_PREVIOUS_CLS_PRICE', 'CH_LAST_TRADED_PRICE',\n       'CH_CLOSING_PRICE', 'VWAP', 'CH_52WEEK_HIGH_PRICE',\n       'CH_52WEEK_LOW_PRICE', 'CH_TOT_TRADED_QTY', 'CH_TOT_TRADED_VAL',\n       'CH_TOTAL_TRADES', 'CH_SYMBOL'],\n      dtype='object')] are in the [columns]"
2025-06-16 00:54:26,772 - WARNING - [AIAENG] Skipping year 2000 due to fetch error.
2025-06-16 00:54:26,772 - INFO - == Starting symbol: AIIL ==
2025-06-16 00:54:26,772 - INFO - ---- [AIIL] Fetching data from 2000-01-01 to 2000-12-31 ----
2025-06-16 00:54:26,777 - ERROR - [AIIL] Error while fetching/saving: "None of [Index(['CH_TIMESTAMP', 'CH_SERIES', 'CH_OPENING_PRICE', 'CH_TRADE_HIGH_PRICE',\n       'CH_TRADE_LOW_PRICE', 'CH_PREVIOUS_CLS_PRICE', 'CH_LAST_TRADED_PRICE',\n       'CH_CLOSING_PRICE', 'VWAP', 'CH_52WEEK_HIGH_PRICE',\n       'CH_52WEEK_LOW_PRICE', 'CH_TOT_TRADED_QTY', 'CH_TOT_TRADED_VAL',\n       'CH_TOTAL_TRADES', 'CH_SYMBOL'],\n      dtype='object')] are in the [columns]"
2025-06-16 00:54:26,777 - WARNING - [AIIL] Skipping year 2000 due to fetch error.
2025-06-16 00:54:26,777 - INFO - == Starting symbol: AIRAN ==
2025-06-16 00:54:26,777 - INFO - ---- [AIRAN] Fetching data from 2000-01-01 to 2000-12-31 ----
2025-06-16 00:54:26,782 - ERROR - [AIRAN] Error while fetching/saving: "None of [Index(['CH_TIMESTAMP', 'CH_SERIES', 'CH_OPENING_PRICE', 'CH_TRADE_HIGH_PRICE',\n       'CH_TRADE_LOW_PRICE', 'CH_PREVIOUS_CLS_PRICE', 'CH_LAST_TRADED_PRICE',\n       'CH_CLOSING_PRICE', 'VWAP', 'CH_52WEEK_HIGH_PRICE',\n       'CH_52WEEK_LOW_PRICE', 'CH_TOT_TRADED_QTY', 'CH_TOT_TRADED_VAL',\n       'CH_TOTAL_TRADES', 'CH_SYMBOL'],\n      dtype='object')] are in the [columns]"
2025-06-16 00:54:26,782 - WARNING - [AIRAN] Skipping year 2000 due to fetch error.
2025-06-16 00:54:26,783 - INFO - == Starting symbol: AIROLAM ==
2025-06-16 00:54:26,783 - INFO - ---- [AIROLAM] Fetching data from 2000-01-01 to 2000-12-31 ----
2025-06-16 00:54:26,790 - ERROR - [AIROLAM] Error while fetching/saving: "None of [Index(['CH_TIMESTAMP', 'CH_SERIES', 'CH_OPENING_PRICE', 'CH_TRADE_HIGH_PRICE',\n       'CH_TRADE_LOW_PRICE', 'CH_PREVIOUS_CLS_PRICE', 'CH_LAST_TRADED_PRICE',\n       'CH_CLOSING_PRICE', 'VWAP', 'CH_52WEEK_HIGH_PRICE',\n       'CH_52WEEK_LOW_PRICE', 'CH_TOT_TRADED_QTY', 'CH_TOT_TRADED_VAL',\n       'CH_TOTAL_TRADES', 'CH_SYMBOL'],\n      dtype='object')] are in the [columns]"
2025-06-16 00:54:26,790 - WARNING - [AIROLAM] Skipping year 2000 due to fetch error.
2025-06-16 00:54:26,790 - INFO - == Starting symbol: AJANTPHARM ==
2025-06-16 00:54:26,790 - INFO - ---- [AJANTPHARM] Fetching data from 2000-01-01 to 2000-12-31 ----
2025-06-16 00:54:26,819 - INFO - [AJANTPHARM] Saved new data to data/rawData/AJANTPHARM.csv
2025-06-16 00:54:27,822 - WARNING - [AJANTPHARM] Failed to read CSV: Missing column provided to 'parse_dates': 'Date'
2025-06-16 00:54:27,822 - INFO - ---- [AJANTPHARM] Fetching data from 2001-01-01 to 2001-12-31 ----
2025-06-16 00:54:28,592 - ERROR - [AJANTPHARM] Error while fetching/saving: 'Date'
2025-06-16 00:54:28,593 - WARNING - [AJANTPHARM] Skipping year 2001 due to fetch error.
2025-06-16 00:54:28,593 - INFO - == Starting symbol: AJAXENGG ==
2025-06-16 00:54:28,594 - INFO - ---- [AJAXENGG] Fetching data from 2000-01-01 to 2000-12-31 ----
2025-06-16 00:54:28,607 - ERROR - [AJAXENGG] Error while fetching/saving: "None of [Index(['CH_TIMESTAMP', 'CH_SERIES', 'CH_OPENING_PRICE', 'CH_TRADE_HIGH_PRICE',\n       'CH_TRADE_LOW_PRICE', 'CH_PREVIOUS_CLS_PRICE', 'CH_LAST_TRADED_PRICE',\n       'CH_CLOSING_PRICE', 'VWAP', 'CH_52WEEK_HIGH_PRICE',\n       'CH_52WEEK_LOW_PRICE', 'CH_TOT_TRADED_QTY', 'CH_TOT_TRADED_VAL',\n       'CH_TOTAL_TRADES', 'CH_SYMBOL'],\n      dtype='object')] are in the [columns]"
2025-06-16 00:54:28,608 - WARNING - [AJAXENGG] Skipping year 2000 due to fetch error.
2025-06-16 00:54:28,608 - INFO - == Starting symbol: AJMERA ==
2025-06-16 00:54:28,608 - INFO - ---- [AJMERA] Fetching data from 2000-01-01 to 2000-12-31 ----
2025-06-16 00:54:28,621 - ERROR - [AJMERA] Error while fetching/saving: "None of [Index(['CH_TIMESTAMP', 'CH_SERIES', 'CH_OPENING_PRICE', 'CH_TRADE_HIGH_PRICE',\n       'CH_TRADE_LOW_PRICE', 'CH_PREVIOUS_CLS_PRICE', 'CH_LAST_TRADED_PRICE',\n       'CH_CLOSING_PRICE', 'VWAP', 'CH_52WEEK_HIGH_PRICE',\n       'CH_52WEEK_LOW_PRICE', 'CH_TOT_TRADED_QTY', 'CH_TOT_TRADED_VAL',\n       'CH_TOTAL_TRADES', 'CH_SYMBOL'],\n      dtype='object')] are in the [columns]"
2025-06-16 00:54:28,622 - WARNING - [AJMERA] Skipping year 2000 due to fetch error.
2025-06-16 00:54:28,622 - INFO - == Starting symbol: AJOONI ==
2025-06-16 00:54:28,623 - INFO - ---- [AJOONI] Fetching data from 2000-01-01 to 2000-12-31 ----
2025-06-16 00:54:28,638 - ERROR - [AJOONI] Error while fetching/saving: "None of [Index(['CH_TIMESTAMP', 'CH_SERIES', 'CH_OPENING_PRICE', 'CH_TRADE_HIGH_PRICE',\n       'CH_TRADE_LOW_PRICE', 'CH_PREVIOUS_CLS_PRICE', 'CH_LAST_TRADED_PRICE',\n       'CH_CLOSING_PRICE', 'VWAP', 'CH_52WEEK_HIGH_PRICE',\n       'CH_52WEEK_LOW_PRICE', 'CH_TOT_TRADED_QTY', 'CH_TOT_TRADED_VAL',\n       'CH_TOTAL_TRADES', 'CH_SYMBOL'],\n      dtype='object')] are in the [columns]"
2025-06-16 00:54:28,638 - WARNING - [AJOONI] Skipping year 2000 due to fetch error.
2025-06-16 00:54:28,639 - INFO - == Starting symbol: AKASH ==
2025-06-16 00:54:28,639 - INFO - ---- [AKASH] Fetching data from 2000-01-01 to 2000-12-31 ----
2025-06-16 00:54:28,655 - ERROR - [AKASH] Error while fetching/saving: "None of [Index(['CH_TIMESTAMP', 'CH_SERIES', 'CH_OPENING_PRICE', 'CH_TRADE_HIGH_PRICE',\n       'CH_TRADE_LOW_PRICE', 'CH_PREVIOUS_CLS_PRICE', 'CH_LAST_TRADED_PRICE',\n       'CH_CLOSING_PRICE', 'VWAP', 'CH_52WEEK_HIGH_PRICE',\n       'CH_52WEEK_LOW_PRICE', 'CH_TOT_TRADED_QTY', 'CH_TOT_TRADED_VAL',\n       'CH_TOTAL_TRADES', 'CH_SYMBOL'],\n      dtype='object')] are in the [columns]"
2025-06-16 00:54:28,655 - WARNING - [AKASH] Skipping year 2000 due to fetch error.
2025-06-16 00:54:28,655 - INFO - == Starting symbol: AKG ==
2025-06-16 00:54:28,656 - INFO - ---- [AKG] Fetching data from 2000-01-01 to 2000-12-31 ----
2025-06-16 00:54:28,672 - ERROR - [AKG] Error while fetching/saving: "None of [Index(['CH_TIMESTAMP', 'CH_SERIES', 'CH_OPENING_PRICE', 'CH_TRADE_HIGH_PRICE',\n       'CH_TRADE_LOW_PRICE', 'CH_PREVIOUS_CLS_PRICE', 'CH_LAST_TRADED_PRICE',\n       'CH_CLOSING_PRICE', 'VWAP', 'CH_52WEEK_HIGH_PRICE',\n       'CH_52WEEK_LOW_PRICE', 'CH_TOT_TRADED_QTY', 'CH_TOT_TRADED_VAL',\n       'CH_TOTAL_TRADES', 'CH_SYMBOL'],\n      dtype='object')] are in the [columns]"
2025-06-16 00:54:28,672 - WARNING - [AKG] Skipping year 2000 due to fetch error.
2025-06-16 00:54:28,672 - INFO - == Starting symbol: AKSHARCHEM ==
2025-06-16 00:54:28,672 - INFO - ---- [AKSHARCHEM] Fetching data from 2000-01-01 to 2000-12-31 ----
2025-06-16 00:54:28,685 - ERROR - [AKSHARCHEM] Error while fetching/saving: "None of [Index(['CH_TIMESTAMP', 'CH_SERIES', 'CH_OPENING_PRICE', 'CH_TRADE_HIGH_PRICE',\n       'CH_TRADE_LOW_PRICE', 'CH_PREVIOUS_CLS_PRICE', 'CH_LAST_TRADED_PRICE',\n       'CH_CLOSING_PRICE', 'VWAP', 'CH_52WEEK_HIGH_PRICE',\n       'CH_52WEEK_LOW_PRICE', 'CH_TOT_TRADED_QTY', 'CH_TOT_TRADED_VAL',\n       'CH_TOTAL_TRADES', 'CH_SYMBOL'],\n      dtype='object')] are in the [columns]"
2025-06-16 00:54:28,686 - WARNING - [AKSHARCHEM] Skipping year 2000 due to fetch error.
2025-06-16 00:54:28,686 - INFO - == Starting symbol: AKUMS ==
2025-06-16 00:54:28,686 - INFO - ---- [AKUMS] Fetching data from 2000-01-01 to 2000-12-31 ----
2025-06-16 00:54:28,704 - ERROR - [AKUMS] Error while fetching/saving: "None of [Index(['CH_TIMESTAMP', 'CH_SERIES', 'CH_OPENING_PRICE', 'CH_TRADE_HIGH_PRICE',\n       'CH_TRADE_LOW_PRICE', 'CH_PREVIOUS_CLS_PRICE', 'CH_LAST_TRADED_PRICE',\n       'CH_CLOSING_PRICE', 'VWAP', 'CH_52WEEK_HIGH_PRICE',\n       'CH_52WEEK_LOW_PRICE', 'CH_TOT_TRADED_QTY', 'CH_TOT_TRADED_VAL',\n       'CH_TOTAL_TRADES', 'CH_SYMBOL'],\n      dtype='object')] are in the [columns]"
2025-06-16 00:54:28,704 - WARNING - [AKUMS] Skipping year 2000 due to fetch error.
2025-06-16 00:54:28,704 - INFO - == Starting symbol: AKZOINDIA ==
2025-06-16 00:54:28,705 - INFO - ---- [AKZOINDIA] Fetching data from 2000-01-01 to 2000-12-31 ----
2025-06-16 00:54:28,794 - INFO - [AKZOINDIA] Saved new data to data/rawData/AKZOINDIA.csv
2025-06-16 00:54:29,796 - WARNING - [AKZOINDIA] Failed to read CSV: Missing column provided to 'parse_dates': 'Date'
2025-06-16 00:54:29,796 - INFO - ---- [AKZOINDIA] Fetching data from 2001-01-01 to 2001-12-31 ----
2025-06-16 00:54:30,528 - ERROR - [AKZOINDIA] Error while fetching/saving: 'Date'
2025-06-16 00:54:30,528 - WARNING - [AKZOINDIA] Skipping year 2001 due to fetch error.
2025-06-16 00:54:30,529 - INFO - == Starting symbol: ALANKIT ==
2025-06-16 00:54:30,529 - INFO - ---- [ALANKIT] Fetching data from 2000-01-01 to 2000-12-31 ----
2025-06-16 00:54:30,539 - ERROR - [ALANKIT] Error while fetching/saving: "None of [Index(['CH_TIMESTAMP', 'CH_SERIES', 'CH_OPENING_PRICE', 'CH_TRADE_HIGH_PRICE',\n       'CH_TRADE_LOW_PRICE', 'CH_PREVIOUS_CLS_PRICE', 'CH_LAST_TRADED_PRICE',\n       'CH_CLOSING_PRICE', 'VWAP', 'CH_52WEEK_HIGH_PRICE',\n       'CH_52WEEK_LOW_PRICE', 'CH_TOT_TRADED_QTY', 'CH_TOT_TRADED_VAL',\n       'CH_TOTAL_TRADES', 'CH_SYMBOL'],\n      dtype='object')] are in the [columns]"
2025-06-16 00:54:30,540 - WARNING - [ALANKIT] Skipping year 2000 due to fetch error.
2025-06-16 00:54:30,540 - INFO - == Starting symbol: ALBERTDAVD ==
2025-06-16 00:54:30,540 - INFO - ---- [ALBERTDAVD] Fetching data from 2000-01-01 to 2000-12-31 ----
2025-06-16 00:54:30,551 - ERROR - [ALBERTDAVD] Error while fetching/saving: "None of [Index(['CH_TIMESTAMP', 'CH_SERIES', 'CH_OPENING_PRICE', 'CH_TRADE_HIGH_PRICE',\n       'CH_TRADE_LOW_PRICE', 'CH_PREVIOUS_CLS_PRICE', 'CH_LAST_TRADED_PRICE',\n       'CH_CLOSING_PRICE', 'VWAP', 'CH_52WEEK_HIGH_PRICE',\n       'CH_52WEEK_LOW_PRICE', 'CH_TOT_TRADED_QTY', 'CH_TOT_TRADED_VAL',\n       'CH_TOTAL_TRADES', 'CH_SYMBOL'],\n      dtype='object')] are in the [columns]"
2025-06-16 00:54:30,551 - WARNING - [ALBERTDAVD] Skipping year 2000 due to fetch error.
2025-06-16 00:54:30,551 - INFO - == Starting symbol: ALEMBICLTD ==
2025-06-16 00:54:30,552 - INFO - ---- [ALEMBICLTD] Fetching data from 2000-01-01 to 2000-12-31 ----
2025-06-16 00:54:30,609 - INFO - [ALEMBICLTD] Saved new data to data/rawData/ALEMBICLTD.csv
2025-06-16 00:54:31,610 - WARNING - [ALEMBICLTD] Failed to read CSV: Missing column provided to 'parse_dates': 'Date'
2025-06-16 00:54:31,610 - INFO - ---- [ALEMBICLTD] Fetching data from 2001-01-01 to 2001-12-31 ----
2025-06-16 00:54:32,588 - ERROR - [ALEMBICLTD] Error while fetching/saving: 'Date'
2025-06-16 00:54:32,588 - WARNING - [ALEMBICLTD] Skipping year 2001 due to fetch error.
2025-06-16 00:54:32,588 - INFO - == Starting symbol: ALICON ==
2025-06-16 00:54:32,589 - INFO - ---- [ALICON] Fetching data from 2000-01-01 to 2000-12-31 ----
2025-06-16 00:54:32,600 - ERROR - [ALICON] Error while fetching/saving: "None of [Index(['CH_TIMESTAMP', 'CH_SERIES', 'CH_OPENING_PRICE', 'CH_TRADE_HIGH_PRICE',\n       'CH_TRADE_LOW_PRICE', 'CH_PREVIOUS_CLS_PRICE', 'CH_LAST_TRADED_PRICE',\n       'CH_CLOSING_PRICE', 'VWAP', 'CH_52WEEK_HIGH_PRICE',\n       'CH_52WEEK_LOW_PRICE', 'CH_TOT_TRADED_QTY', 'CH_TOT_TRADED_VAL',\n       'CH_TOTAL_TRADES', 'CH_SYMBOL'],\n      dtype='object')] are in the [columns]"
2025-06-16 00:54:32,600 - WARNING - [ALICON] Skipping year 2000 due to fetch error.
2025-06-16 00:54:32,600 - INFO - == Starting symbol: ALIVUS ==
2025-06-16 00:54:32,600 - INFO - ---- [ALIVUS] Fetching data from 2000-01-01 to 2000-12-31 ----
2025-06-16 00:54:32,611 - ERROR - [ALIVUS] Error while fetching/saving: "None of [Index(['CH_TIMESTAMP', 'CH_SERIES', 'CH_OPENING_PRICE', 'CH_TRADE_HIGH_PRICE',\n       'CH_TRADE_LOW_PRICE', 'CH_PREVIOUS_CLS_PRICE', 'CH_LAST_TRADED_PRICE',\n       'CH_CLOSING_PRICE', 'VWAP', 'CH_52WEEK_HIGH_PRICE',\n       'CH_52WEEK_LOW_PRICE', 'CH_TOT_TRADED_QTY', 'CH_TOT_TRADED_VAL',\n       'CH_TOTAL_TRADES', 'CH_SYMBOL'],\n      dtype='object')] are in the [columns]"
2025-06-16 00:54:32,611 - WARNING - [ALIVUS] Skipping year 2000 due to fetch error.
2025-06-16 00:54:32,611 - INFO - == Starting symbol: ALKALI ==
2025-06-16 00:54:32,611 - INFO - ---- [ALKALI] Fetching data from 2000-01-01 to 2000-12-31 ----
2025-06-16 00:54:32,621 - ERROR - [ALKALI] Error while fetching/saving: "None of [Index(['CH_TIMESTAMP', 'CH_SERIES', 'CH_OPENING_PRICE', 'CH_TRADE_HIGH_PRICE',\n       'CH_TRADE_LOW_PRICE', 'CH_PREVIOUS_CLS_PRICE', 'CH_LAST_TRADED_PRICE',\n       'CH_CLOSING_PRICE', 'VWAP', 'CH_52WEEK_HIGH_PRICE',\n       'CH_52WEEK_LOW_PRICE', 'CH_TOT_TRADED_QTY', 'CH_TOT_TRADED_VAL',\n       'CH_TOTAL_TRADES', 'CH_SYMBOL'],\n      dtype='object')] are in the [columns]"
2025-06-16 00:54:32,621 - WARNING - [ALKALI] Skipping year 2000 due to fetch error.
2025-06-16 00:54:32,621 - INFO - == Starting symbol: ALKEM ==
2025-06-16 00:54:32,621 - INFO - ---- [ALKEM] Fetching data from 2000-01-01 to 2000-12-31 ----
2025-06-16 00:54:32,630 - ERROR - [ALKEM] Error while fetching/saving: "None of [Index(['CH_TIMESTAMP', 'CH_SERIES', 'CH_OPENING_PRICE', 'CH_TRADE_HIGH_PRICE',\n       'CH_TRADE_LOW_PRICE', 'CH_PREVIOUS_CLS_PRICE', 'CH_LAST_TRADED_PRICE',\n       'CH_CLOSING_PRICE', 'VWAP', 'CH_52WEEK_HIGH_PRICE',\n       'CH_52WEEK_LOW_PRICE', 'CH_TOT_TRADED_QTY', 'CH_TOT_TRADED_VAL',\n       'CH_TOTAL_TRADES', 'CH_SYMBOL'],\n      dtype='object')] are in the [columns]"
2025-06-16 00:54:32,630 - WARNING - [ALKEM] Skipping year 2000 due to fetch error.
2025-06-16 00:54:32,630 - INFO - == Starting symbol: ALKYLAMINE ==
2025-06-16 00:54:32,630 - INFO - ---- [ALKYLAMINE] Fetching data from 2000-01-01 to 2000-12-31 ----
2025-06-16 00:54:32,688 - INFO - [ALKYLAMINE] Saved new data to data/rawData/ALKYLAMINE.csv
2025-06-16 00:54:33,690 - WARNING - [ALKYLAMINE] Failed to read CSV: Missing column provided to 'parse_dates': 'Date'
2025-06-16 00:54:33,691 - INFO - ---- [ALKYLAMINE] Fetching data from 2001-01-01 to 2001-12-31 ----
2025-06-16 00:54:34,401 - ERROR - [ALKYLAMINE] Error while fetching/saving: 'Date'
2025-06-16 00:54:34,401 - WARNING - [ALKYLAMINE] Skipping year 2001 due to fetch error.
2025-06-16 00:54:34,401 - INFO - == Starting symbol: ALLCARGO ==
2025-06-16 00:54:34,402 - INFO - ---- [ALLCARGO] Fetching data from 2000-01-01 to 2000-12-31 ----
2025-06-16 00:54:34,412 - ERROR - [ALLCARGO] Error while fetching/saving: "None of [Index(['CH_TIMESTAMP', 'CH_SERIES', 'CH_OPENING_PRICE', 'CH_TRADE_HIGH_PRICE',\n       'CH_TRADE_LOW_PRICE', 'CH_PREVIOUS_CLS_PRICE', 'CH_LAST_TRADED_PRICE',\n       'CH_CLOSING_PRICE', 'VWAP', 'CH_52WEEK_HIGH_PRICE',\n       'CH_52WEEK_LOW_PRICE', 'CH_TOT_TRADED_QTY', 'CH_TOT_TRADED_VAL',\n       'CH_TOTAL_TRADES', 'CH_SYMBOL'],\n      dtype='object')] are in the [columns]"
2025-06-16 00:54:34,412 - WARNING - [ALLCARGO] Skipping year 2000 due to fetch error.
2025-06-16 00:54:34,413 - INFO - == Starting symbol: ALLDIGI ==
2025-06-16 00:54:34,413 - INFO - ---- [ALLDIGI] Fetching data from 2000-01-01 to 2000-12-31 ----
2025-06-16 00:54:34,423 - ERROR - [ALLDIGI] Error while fetching/saving: "None of [Index(['CH_TIMESTAMP', 'CH_SERIES', 'CH_OPENING_PRICE', 'CH_TRADE_HIGH_PRICE',\n       'CH_TRADE_LOW_PRICE', 'CH_PREVIOUS_CLS_PRICE', 'CH_LAST_TRADED_PRICE',\n       'CH_CLOSING_PRICE', 'VWAP', 'CH_52WEEK_HIGH_PRICE',\n       'CH_52WEEK_LOW_PRICE', 'CH_TOT_TRADED_QTY', 'CH_TOT_TRADED_VAL',\n       'CH_TOTAL_TRADES', 'CH_SYMBOL'],\n      dtype='object')] are in the [columns]"
2025-06-16 00:54:34,423 - WARNING - [ALLDIGI] Skipping year 2000 due to fetch error.
2025-06-16 00:54:34,423 - INFO - == Starting symbol: ALMONDZ ==
2025-06-16 00:54:34,424 - INFO - ---- [ALMONDZ] Fetching data from 2000-01-01 to 2000-12-31 ----
2025-06-16 00:54:34,434 - ERROR - [ALMONDZ] Error while fetching/saving: "None of [Index(['CH_TIMESTAMP', 'CH_SERIES', 'CH_OPENING_PRICE', 'CH_TRADE_HIGH_PRICE',\n       'CH_TRADE_LOW_PRICE', 'CH_PREVIOUS_CLS_PRICE', 'CH_LAST_TRADED_PRICE',\n       'CH_CLOSING_PRICE', 'VWAP', 'CH_52WEEK_HIGH_PRICE',\n       'CH_52WEEK_LOW_PRICE', 'CH_TOT_TRADED_QTY', 'CH_TOT_TRADED_VAL',\n       'CH_TOTAL_TRADES', 'CH_SYMBOL'],\n      dtype='object')] are in the [columns]"
2025-06-16 00:54:34,435 - WARNING - [ALMONDZ] Skipping year 2000 due to fetch error.
2025-06-16 00:54:34,435 - INFO - == Starting symbol: ALOKINDS ==
2025-06-16 00:54:34,435 - INFO - ---- [ALOKINDS] Fetching data from 2000-01-01 to 2000-12-31 ----
2025-06-16 00:54:34,445 - ERROR - [ALOKINDS] Error while fetching/saving: "None of [Index(['CH_TIMESTAMP', 'CH_SERIES', 'CH_OPENING_PRICE', 'CH_TRADE_HIGH_PRICE',\n       'CH_TRADE_LOW_PRICE', 'CH_PREVIOUS_CLS_PRICE', 'CH_LAST_TRADED_PRICE',\n       'CH_CLOSING_PRICE', 'VWAP', 'CH_52WEEK_HIGH_PRICE',\n       'CH_52WEEK_LOW_PRICE', 'CH_TOT_TRADED_QTY', 'CH_TOT_TRADED_VAL',\n       'CH_TOTAL_TRADES', 'CH_SYMBOL'],\n      dtype='object')] are in the [columns]"
2025-06-16 00:54:34,446 - WARNING - [ALOKINDS] Skipping year 2000 due to fetch error.
2025-06-16 00:54:34,446 - INFO - == Starting symbol: ALPA ==
2025-06-16 00:54:34,446 - INFO - ---- [ALPA] Fetching data from 2000-01-01 to 2000-12-31 ----
2025-06-16 00:54:34,458 - ERROR - [ALPA] Error while fetching/saving: "None of [Index(['CH_TIMESTAMP', 'CH_SERIES', 'CH_OPENING_PRICE', 'CH_TRADE_HIGH_PRICE',\n       'CH_TRADE_LOW_PRICE', 'CH_PREVIOUS_CLS_PRICE', 'CH_LAST_TRADED_PRICE',\n       'CH_CLOSING_PRICE', 'VWAP', 'CH_52WEEK_HIGH_PRICE',\n       'CH_52WEEK_LOW_PRICE', 'CH_TOT_TRADED_QTY', 'CH_TOT_TRADED_VAL',\n       'CH_TOTAL_TRADES', 'CH_SYMBOL'],\n      dtype='object')] are in the [columns]"
2025-06-16 00:54:34,459 - WARNING - [ALPA] Skipping year 2000 due to fetch error.
2025-06-16 00:54:34,459 - INFO - == Starting symbol: ALPHA ==
2025-06-16 00:54:34,459 - INFO - ---- [ALPHA] Fetching data from 2000-01-01 to 2000-12-31 ----
2025-06-16 00:54:34,470 - ERROR - [ALPHA] Error while fetching/saving: "None of [Index(['CH_TIMESTAMP', 'CH_SERIES', 'CH_OPENING_PRICE', 'CH_TRADE_HIGH_PRICE',\n       'CH_TRADE_LOW_PRICE', 'CH_PREVIOUS_CLS_PRICE', 'CH_LAST_TRADED_PRICE',\n       'CH_CLOSING_PRICE', 'VWAP', 'CH_52WEEK_HIGH_PRICE',\n       'CH_52WEEK_LOW_PRICE', 'CH_TOT_TRADED_QTY', 'CH_TOT_TRADED_VAL',\n       'CH_TOTAL_TRADES', 'CH_SYMBOL'],\n      dtype='object')] are in the [columns]"
2025-06-16 00:54:34,470 - WARNING - [ALPHA] Skipping year 2000 due to fetch error.
2025-06-16 00:54:34,471 - INFO - == Starting symbol: ALPHAETF ==
2025-06-16 00:54:34,471 - INFO - ---- [ALPHAETF] Fetching data from 2000-01-01 to 2000-12-31 ----
2025-06-16 00:54:34,481 - ERROR - [ALPHAETF] Error while fetching/saving: "None of [Index(['CH_TIMESTAMP', 'CH_SERIES', 'CH_OPENING_PRICE', 'CH_TRADE_HIGH_PRICE',\n       'CH_TRADE_LOW_PRICE', 'CH_PREVIOUS_CLS_PRICE', 'CH_LAST_TRADED_PRICE',\n       'CH_CLOSING_PRICE', 'VWAP', 'CH_52WEEK_HIGH_PRICE',\n       'CH_52WEEK_LOW_PRICE', 'CH_TOT_TRADED_QTY', 'CH_TOT_TRADED_VAL',\n       'CH_TOTAL_TRADES', 'CH_SYMBOL'],\n      dtype='object')] are in the [columns]"
2025-06-16 00:54:34,482 - WARNING - [ALPHAETF] Skipping year 2000 due to fetch error.
2025-06-16 00:54:34,482 - INFO - == Starting symbol: ALPHAGEO ==
2025-06-16 00:54:34,482 - INFO - ---- [ALPHAGEO] Fetching data from 2000-01-01 to 2000-12-31 ----
2025-06-16 00:54:34,884 - ERROR - [ALPHAGEO] Error while fetching/saving: "None of [Index(['CH_TIMESTAMP', 'CH_SERIES', 'CH_OPENING_PRICE', 'CH_TRADE_HIGH_PRICE',\n       'CH_TRADE_LOW_PRICE', 'CH_PREVIOUS_CLS_PRICE', 'CH_LAST_TRADED_PRICE',\n       'CH_CLOSING_PRICE', 'VWAP', 'CH_52WEEK_HIGH_PRICE',\n       'CH_52WEEK_LOW_PRICE', 'CH_TOT_TRADED_QTY', 'CH_TOT_TRADED_VAL',\n       'CH_TOTAL_TRADES', 'CH_SYMBOL'],\n      dtype='object')] are in the [columns]"
2025-06-16 00:54:34,884 - WARNING - [ALPHAGEO] Skipping year 2000 due to fetch error.
2025-06-16 00:54:34,885 - INFO - == Starting symbol: ALPL30IETF ==
2025-06-16 00:54:34,885 - INFO - ---- [ALPL30IETF] Fetching data from 2000-01-01 to 2000-12-31 ----
2025-06-16 00:54:35,448 - ERROR - [ALPL30IETF] Error while fetching/saving: "None of [Index(['CH_TIMESTAMP', 'CH_SERIES', 'CH_OPENING_PRICE', 'CH_TRADE_HIGH_PRICE',\n       'CH_TRADE_LOW_PRICE', 'CH_PREVIOUS_CLS_PRICE', 'CH_LAST_TRADED_PRICE',\n       'CH_CLOSING_PRICE', 'VWAP', 'CH_52WEEK_HIGH_PRICE',\n       'CH_52WEEK_LOW_PRICE', 'CH_TOT_TRADED_QTY', 'CH_TOT_TRADED_VAL',\n       'CH_TOTAL_TRADES', 'CH_SYMBOL'],\n      dtype='object')] are in the [columns]"
2025-06-16 00:54:35,448 - WARNING - [ALPL30IETF] Skipping year 2000 due to fetch error.
2025-06-16 00:54:35,448 - INFO - == Starting symbol: AMBER ==
2025-06-16 00:54:35,448 - INFO - ---- [AMBER] Fetching data from 2000-01-01 to 2000-12-31 ----
2025-06-16 00:54:35,993 - ERROR - [AMBER] Error while fetching/saving: "None of [Index(['CH_TIMESTAMP', 'CH_SERIES', 'CH_OPENING_PRICE', 'CH_TRADE_HIGH_PRICE',\n       'CH_TRADE_LOW_PRICE', 'CH_PREVIOUS_CLS_PRICE', 'CH_LAST_TRADED_PRICE',\n       'CH_CLOSING_PRICE', 'VWAP', 'CH_52WEEK_HIGH_PRICE',\n       'CH_52WEEK_LOW_PRICE', 'CH_TOT_TRADED_QTY', 'CH_TOT_TRADED_VAL',\n       'CH_TOTAL_TRADES', 'CH_SYMBOL'],\n      dtype='object')] are in the [columns]"
2025-06-16 00:54:35,993 - WARNING - [AMBER] Skipping year 2000 due to fetch error.
2025-06-16 00:54:35,994 - INFO - == Starting symbol: AMBICAAGAR ==
2025-06-16 00:54:35,994 - INFO - ---- [AMBICAAGAR] Fetching data from 2000-01-01 to 2000-12-31 ----
2025-06-16 00:54:36,564 - ERROR - [AMBICAAGAR] Error while fetching/saving: "None of [Index(['CH_TIMESTAMP', 'CH_SERIES', 'CH_OPENING_PRICE', 'CH_TRADE_HIGH_PRICE',\n       'CH_TRADE_LOW_PRICE', 'CH_PREVIOUS_CLS_PRICE', 'CH_LAST_TRADED_PRICE',\n       'CH_CLOSING_PRICE', 'VWAP', 'CH_52WEEK_HIGH_PRICE',\n       'CH_52WEEK_LOW_PRICE', 'CH_TOT_TRADED_QTY', 'CH_TOT_TRADED_VAL',\n       'CH_TOTAL_TRADES', 'CH_SYMBOL'],\n      dtype='object')] are in the [columns]"
2025-06-16 00:54:36,564 - WARNING - [AMBICAAGAR] Skipping year 2000 due to fetch error.
2025-06-16 00:54:36,564 - INFO - == Starting symbol: AMBIKCO ==
2025-06-16 00:54:36,564 - INFO - ---- [AMBIKCO] Fetching data from 2000-01-01 to 2000-12-31 ----
