
============================================================
STARTING fetchEQList.py | 2025-06-27 11:33:28
============================================================

============================================================
FINISHED fetchEQList.py | 2025-06-27 11:33:28
============================================================

============================================================
STARTING cleanEQList.py | 2025-06-27 11:33:28
============================================================
📄 Loaded raw stock list successfully.
✅ Total rows matching 'NSE : {stockName} - EQ': 2113
💾 Cleaned symbol list saved to: /home/rohitghosh/Coding/StockMarketApp/data/stockList/stockList_clean.csv

============================================================
FINISHED cleanEQList.py | 2025-06-27 11:33:29
============================================================

============================================================
STARTING autoRawStock.py | 2025-06-27 11:33:29
============================================================
👀 Watchdog started. Monitoring log activity...
🚀 Started getRawStock.py (PID 3577)
✅ Fetch complete detected. Exiting watchdog...
👋 Watchdog exiting.

============================================================
FINISHED autoRawStock.py | 2025-06-27 11:39:19
============================================================

============================================================
STARTING stockDataClean.py | 2025-06-27 11:39:19
============================================================

============================================================
FINISHED stockDataClean.py | 2025-06-27 11:40:05
============================================================

============================================================
STARTING fetchEQList.py | 2025-06-27 18:29:31
============================================================

============================================================
FINISHED fetchEQList.py | 2025-06-27 18:29:32
============================================================

============================================================
STARTING cleanEQList.py | 2025-06-27 18:29:32
============================================================
📄 Loaded raw stock list successfully.
✅ Total rows matching 'NSE : {stockName} - EQ': 2113
💾 Cleaned symbol list saved to: /home/rohitghosh/Coding/StockMarketApp/data/stockList/stockList_clean.csv

============================================================
FINISHED cleanEQList.py | 2025-06-27 18:29:33
============================================================

============================================================
STARTING autoRawStock.py | 2025-06-27 18:29:33
============================================================
